20:44:27.586 [FXGL Launcher Thread     ] DEBUG FXGL                 - FXGL logger initialized
20:44:27.588 [FXGL Launcher Thread     ] DEBUG FXGL                 - Service <<AudioPlayer>> initialized
20:44:27.589 [FXGL Launcher Thread     ] DEBUG FXGLAssetLoader      - Asset cacheSize=35
20:44:27.589 [FXGL Launcher Thread     ] DEBUG FXGL                 - Service <<AssetLoader>> initialized
20:44:27.590 [FXGL Launcher Thread     ] DEBUG FXGL                 - Service <<EventBus>> initialized
20:44:27.592 [FXGL Launcher Thread     ] DEBUG FXGLAssetLoader      - Loading from disk: /assets/ui/cursors/fxgl_default.png
20:44:27.607 [FXGL Launcher Thread     ] DEBUG FXGLAssetLoader      - Loading from disk: /assets/sounds/core/notification.wav
20:44:27.624 [FXGL Launcher Thread     ] DEBUG FXGLAssetLoader      - Loading from disk: /assets/sounds/menu/select.wav
20:44:27.625 [FXGL Launcher Thread     ] DEBUG FXGLAssetLoader      - Loading from disk: /assets/sounds/menu/back.wav
20:44:27.627 [FXGL Launcher Thread     ] DEBUG FXGLAssetLoader      - Loading from disk: /assets/sounds/menu/press.wav
20:44:27.628 [FXGL Launcher Thread     ] DEBUG FXGLAssetLoader      - Loading from disk: /assets/ui/fonts/Copperplate_Gothic_Light_Regular.ttf
20:44:27.742 [FXGL Launcher Thread     ] DEBUG FXGLAssetLoader      - Loading from disk: /assets/ui/fonts/lucida_console.ttf
20:44:27.754 [FXGL Launcher Thread     ] DEBUG FXGLAssetLoader      - Loading from disk: /assets/ui/css/fxgl_dark.css
20:44:27.755 [FXGL Launcher Thread     ] DEBUG FXGLAssetLoader      - Loading from disk: /assets/ui/icons/fxgl_icon.png
20:44:27.767 [FXGL Launcher Thread     ] DEBUG FXGLDisplay          - Using CSS: CSS(externalForm=jar:file:/C:/Users/lukel/Documents/Programming/PacmanLevelEditor/lib/fxgl-0.3.4-uber.jar!/assets/ui/css/fxgl_dark.css)
20:44:27.768 [FXGL Launcher Thread     ] DEBUG FXGL                 - Service <<Display>> initialized
20:44:27.769 [FXGL Launcher Thread     ] DEBUG FXGL                 - Service <<Executor>> initialized
20:44:27.774 [FXGL Launcher Thread     ] DEBUG FXGL                 - Service <<NotificationService>> initialized
20:44:27.775 [FXGL Launcher Thread     ] DEBUG FXGL                 - Service <<Net>> initialized
20:44:27.789 [FXGL Launcher Thread     ] DEBUG FXGL                 - Service <<Gameplay>> initialized
20:44:27.795 [FXGL Launcher Thread     ] DEBUG FXGLPooler           - Default pool size for objects = 128
20:44:27.795 [FXGL Launcher Thread     ] DEBUG FXGL                 - Service <<Pooler>> initialized
20:44:27.795 [FXGL Launcher Thread     ] DEBUG FXGL                 - Service <<ExceptionHandler>> initialized
20:44:27.796 [FXGL Launcher Thread     ] DEBUG FXGL                 - Service <<UIFactory>> initialized
20:44:27.796 [FXGL Launcher Thread     ] DEBUG FXGL                 - Service <<DialogFactory>> initialized
20:44:27.796 [FXGL Launcher Thread     ] DEBUG FXGL                 - Service <<SceneFactory>> initialized
20:44:27.796 [FXGL Launcher Thread     ] DEBUG FXGL                 - Loading FXGL system data
20:44:27.799 [FXGL Launcher Thread     ] DEBUG IOTask               - Executing task: readDataTask(system/fxgl.bundle)
20:44:27.801 [FXGL Launcher Thread     ] DEBUG FS                   - Reading from: system\fxgl.bundle
20:44:27.809 [FXGL Launcher Thread     ] DEBUG IOTask               - Task succeeded: readDataTask(system/fxgl.bundle)
20:44:27.809 [FXGL Launcher Thread     ] DEBUG Bundle               - Logging bundle: FXGL
20:44:27.809 [FXGL Launcher Thread     ] DEBUG Bundle               - FXGL.offline.timer.version.check=2017-07-07T13:55:42.302
20:44:27.809 [FXGL Launcher Thread     ] DEBUG GameApplication      - FXGL configuration complete
20:44:27.810 [FXGL Launcher Thread     ] INFO  GameApplication      - FXGL configuration took:  0.658 sec
20:44:27.810 [FXGL Launcher Thread     ] DEBUG GameApplication      - Logging game settings
Title: Pacman Level Editor
Version: 0.1
Width: 960
Height: 840
Fullscreen: false
Intro: false
Menus: false
Profiling: false
App Mode: DEVELOPER
Menu Style: FXGL_DEFAULT
Menu Key: ESCAPE
Services: []
20:44:27.823 [FXGL Launcher Thread     ] DEBUG GameApplication      - Configuring GameApplication
20:44:27.824 [FXGL Launcher Thread     ] DEBUG AppStateMachine      - Initializing application states
20:44:27.826 [FXGL Launcher Thread     ] DEBUG FXGLAssetLoader      - Loading from disk: /assets/ui/cursors/fxgl_default.png
20:44:27.829 [FXGL Launcher Thread     ] DEBUG FXGLAssetLoader      - Loading from disk: /assets/ui/cursors/fxgl_default.png
20:44:27.863 [FXGL Launcher Thread     ] DEBUG GameWorld            - Game world initialized
20:44:27.894 [FXGL Launcher Thread     ] DEBUG PhysicsWorld         - Physics world initialized: appHeight=840, physics.ppm=50.0
20:44:27.901 [FXGL Launcher Thread     ] DEBUG FXGLAssetLoader      - Loading from disk: /assets/ui/cursors/fxgl_default.png
20:44:27.917 [FXGL Launcher Thread     ] DEBUG GameScene            - Game scene initialized: 960x840
20:44:27.933 [FXGL Launcher Thread     ] DEBUG Input                - Registered new binding: Pause - Esc
20:44:27.942 [FXGL Launcher Thread     ] INFO  GameApplication      - Game configuration took:  0.118 sec
20:44:27.954 [JavaFX Application Thread] DEBUG FXGLDisplay          - Target size: DoubleProperty [value: 960.0] x DoubleProperty [value: 840.0] @ 1.0
20:44:27.954 [JavaFX Application Thread] DEBUG FXGLDisplay          - New size:    960.0 x 840.0 @ DoubleProperty [value: 1.0]
20:44:27.955 [JavaFX Application Thread] DEBUG FXGLDisplay          - Opening primary stage
20:44:27.983 [JavaFX Application Thread] DEBUG FXGLDisplay          - Stage shown
20:44:27.983 [JavaFX Application Thread] DEBUG FXGLDisplay          - Root size: 960.0x840.0
20:44:27.983 [JavaFX Application Thread] DEBUG FXGLDisplay          - Scene size: 960.0x840.0
20:44:27.983 [JavaFX Application Thread] DEBUG FXGLDisplay          - Stage size: 976.0x879.0
20:44:28.014 [JavaFX Application Thread] DEBUG GameApplication      - Running preInit()
20:44:28.016 [JavaFX Application Thread] DEBUG Input                - Registered new binding: Screenshot - P
20:44:28.017 [JavaFX Application Thread] DEBUG Input                - Registered new binding: Dev Options - CTRL+0
20:44:28.017 [JavaFX Application Thread] DEBUG Input                - Registered new binding: MOUSE CLICK - PRIMARY
20:44:28.054 [JavaFX Application Thread] DEBUG GameApplication      - Starting main loop
20:44:28.058 [JavaFX Application Thread] DEBUG StartupState         - STARTUP
20:44:28.058 [JavaFX Application Thread] DEBUG GameApplication      - Starting new game
20:44:28.058 [JavaFX Application Thread] DEBUG Input                - Clearing active input actions
20:44:28.058 [JavaFX Application Thread] DEBUG AppStateMachine      - StartupState -> LoadingState
20:44:28.211 [JavaFX Application Thread] DEBUG InitAppTask          - @AddCollisionHandler: []
20:44:28.211 [JavaFX Application Thread] DEBUG InitAppTask          - @SetEntityFactory: []
20:44:28.214 [FXGL Background Thread 1 ] DEBUG InitAppTask          - Clearing previous game
20:44:28.214 [FXGL Background Thread 1 ] DEBUG GameWorld            - Resetting game world
20:44:28.215 [FXGL Background Thread 1 ] DEBUG PhysicsWorld         - Resetting physics world
20:44:28.215 [FXGL Background Thread 1 ] DEBUG GameScene            - Resetting game scene
20:44:28.215 [FXGL Background Thread 1 ] DEBUG InitAppTask          - Initializing Assets
20:44:28.216 [FXGL Background Thread 1 ] DEBUG InitAppTask          - Initializing Game
20:44:28.241 [FXGL Background Thread 1 ] DEBUG GameScene            - Creating render group for layer: top(100)
20:44:28.262 [FXGL Background Thread 1 ] DEBUG GameScene            - Creating render group for layer: background(0)
20:44:28.266 [FXGL Background Thread 1 ] DEBUG InitAppTask          - Initializing Physics
20:44:28.266 [FXGL Background Thread 1 ] DEBUG InitAppTask          - Initializing UI
20:44:28.275 [FXGL Background Thread 1 ] DEBUG GameScene            - Creating render group for layer: bottom(1)
20:44:28.278 [FXGL Background Thread 1 ] DEBUG InitAppTask          - Initialization Complete
20:44:28.279 [FXGL Background Thread 1 ] INFO  InitAppTask          - Game initialization took: 0.065 sec
20:44:28.299 [JavaFX Application Thread] DEBUG Input                - Clearing active input actions
20:44:28.300 [JavaFX Application Thread] DEBUG AppStateMachine      - LoadingState -> PlayState
20:44:58.630 [JavaFX Application Thread] DEBUG FXGLEventBus         - Firing event: DisplayEvent[type=CLOSE_REQUEST]
20:44:58.631 [JavaFX Application Thread] DEBUG GameApplication      - Exiting FXGL application
20:44:58.631 [JavaFX Application Thread] DEBUG FXGL                 - Saving FXGL system data
20:44:58.632 [JavaFX Application Thread] DEBUG IOTask               - Executing task: writeDataTask(system/fxgl.bundle)
20:44:58.634 [JavaFX Application Thread] DEBUG FS                   - Writing to: system\fxgl.bundle
20:44:58.637 [JavaFX Application Thread] DEBUG IOTask               - Task succeeded: writeDataTask(system/fxgl.bundle)
20:44:58.637 [JavaFX Application Thread] DEBUG GameApplication      - Closing FXGL logger and exiting JavaFX
