15:51:54.097 [FXGL Launcher Thread     ] DEBUG FXGL                 - FXGL logger initialized
15:51:54.101 [FXGL Launcher Thread     ] DEBUG FXGL                 - Service <<AudioPlayer>> initialized
15:51:54.102 [FXGL Launcher Thread     ] DEBUG FXGLAssetLoader      - Asset cacheSize=35
15:51:54.103 [FXGL Launcher Thread     ] DEBUG FXGL                 - Service <<AssetLoader>> initialized
15:51:54.103 [FXGL Launcher Thread     ] DEBUG FXGL                 - Service <<EventBus>> initialized
15:51:54.106 [FXGL Launcher Thread     ] DEBUG FXGLAssetLoader      - Loading from disk: /assets/ui/cursors/fxgl_default.png
15:51:54.122 [FXGL Launcher Thread     ] DEBUG FXGLAssetLoader      - Loading from disk: /assets/sounds/core/notification.wav
15:51:54.138 [FXGL Launcher Thread     ] DEBUG FXGLAssetLoader      - Loading from disk: /assets/sounds/menu/select.wav
15:51:54.139 [FXGL Launcher Thread     ] DEBUG FXGLAssetLoader      - Loading from disk: /assets/sounds/menu/back.wav
15:51:54.141 [FXGL Launcher Thread     ] DEBUG FXGLAssetLoader      - Loading from disk: /assets/sounds/menu/press.wav
15:51:54.143 [FXGL Launcher Thread     ] DEBUG FXGLAssetLoader      - Loading from disk: /assets/ui/fonts/Copperplate_Gothic_Light_Regular.ttf
15:51:54.208 [FXGL Launcher Thread     ] DEBUG FXGLAssetLoader      - Loading from disk: /assets/ui/fonts/lucida_console.ttf
15:51:54.221 [FXGL Launcher Thread     ] DEBUG FXGLAssetLoader      - Loading from disk: /assets/ui/css/fxgl_dark.css
15:51:54.221 [FXGL Launcher Thread     ] DEBUG FXGLAssetLoader      - Loading from disk: /assets/ui/icons/fxgl_icon.png
15:51:54.234 [FXGL Launcher Thread     ] DEBUG FXGLDisplay          - Using CSS: CSS(externalForm=jar:file:/C:/Users/lukel/Documents/Programming/PacmanLevelEditor/lib/fxgl-0.3.4-uber.jar!/assets/ui/css/fxgl_dark.css)
15:51:54.235 [FXGL Launcher Thread     ] DEBUG FXGL                 - Service <<Display>> initialized
15:51:54.237 [FXGL Launcher Thread     ] DEBUG FXGL                 - Service <<Executor>> initialized
15:51:54.242 [FXGL Launcher Thread     ] DEBUG FXGL                 - Service <<NotificationService>> initialized
15:51:54.243 [FXGL Launcher Thread     ] DEBUG FXGL                 - Service <<Net>> initialized
15:51:54.262 [FXGL Launcher Thread     ] DEBUG FXGL                 - Service <<Gameplay>> initialized
15:51:54.269 [FXGL Launcher Thread     ] DEBUG FXGLPooler           - Default pool size for objects = 128
15:51:54.270 [FXGL Launcher Thread     ] DEBUG FXGL                 - Service <<Pooler>> initialized
15:51:54.271 [FXGL Launcher Thread     ] DEBUG FXGL                 - Service <<ExceptionHandler>> initialized
15:51:54.271 [FXGL Launcher Thread     ] DEBUG FXGL                 - Service <<UIFactory>> initialized
15:51:54.271 [FXGL Launcher Thread     ] DEBUG FXGL                 - Service <<DialogFactory>> initialized
15:51:54.271 [FXGL Launcher Thread     ] DEBUG FXGL                 - Service <<SceneFactory>> initialized
15:51:54.271 [FXGL Launcher Thread     ] DEBUG FXGL                 - Loading FXGL system data
15:51:54.274 [FXGL Launcher Thread     ] DEBUG IOTask               - Executing task: readDataTask(system/fxgl.bundle)
15:51:54.277 [FXGL Launcher Thread     ] DEBUG FS                   - Reading from: system\fxgl.bundle
15:51:54.283 [FXGL Launcher Thread     ] DEBUG IOTask               - Task succeeded: readDataTask(system/fxgl.bundle)
15:51:54.283 [FXGL Launcher Thread     ] DEBUG Bundle               - Logging bundle: FXGL
15:51:54.284 [FXGL Launcher Thread     ] DEBUG Bundle               - FXGL.offline.timer.version.check=2017-07-07T13:55:42.302
15:51:54.284 [FXGL Launcher Thread     ] DEBUG GameApplication      - FXGL configuration complete
15:51:54.284 [FXGL Launcher Thread     ] INFO  GameApplication      - FXGL configuration took:  0.779 sec
15:51:54.285 [FXGL Launcher Thread     ] DEBUG GameApplication      - Logging game settings
Title: Pacman Level Editor
Version: 0.1
Width: 960
Height: 840
Fullscreen: false
Intro: false
Menus: false
Profiling: false
App Mode: DEVELOPER
Menu Style: FXGL_DEFAULT
Menu Key: ESCAPE
Services: []
15:51:54.300 [FXGL Launcher Thread     ] DEBUG GameApplication      - Configuring GameApplication
15:51:54.301 [FXGL Launcher Thread     ] DEBUG AppStateMachine      - Initializing application states
15:51:54.303 [FXGL Launcher Thread     ] DEBUG FXGLAssetLoader      - Loading from disk: /assets/ui/cursors/fxgl_default.png
15:51:54.307 [FXGL Launcher Thread     ] DEBUG FXGLAssetLoader      - Loading from disk: /assets/ui/cursors/fxgl_default.png
15:51:54.338 [FXGL Launcher Thread     ] DEBUG GameWorld            - Game world initialized
15:51:54.373 [FXGL Launcher Thread     ] DEBUG PhysicsWorld         - Physics world initialized: appHeight=840, physics.ppm=50.0
15:51:54.381 [FXGL Launcher Thread     ] DEBUG FXGLAssetLoader      - Loading from disk: /assets/ui/cursors/fxgl_default.png
15:51:54.398 [FXGL Launcher Thread     ] DEBUG GameScene            - Game scene initialized: 960x840
15:51:54.417 [FXGL Launcher Thread     ] DEBUG Input                - Registered new binding: Pause - Esc
15:51:54.425 [FXGL Launcher Thread     ] INFO  GameApplication      - Game configuration took:  0.125 sec
15:51:54.429 [JavaFX Application Thread] DEBUG FXGLDisplay          - Target size: DoubleProperty [value: 960.0] x DoubleProperty [value: 840.0] @ 1.0
15:51:54.429 [JavaFX Application Thread] DEBUG FXGLDisplay          - New size:    960.0 x 840.0 @ DoubleProperty [value: 1.0]
15:51:54.429 [JavaFX Application Thread] DEBUG FXGLDisplay          - Opening primary stage
15:51:54.450 [JavaFX Application Thread] DEBUG FXGLDisplay          - Stage shown
15:51:54.451 [JavaFX Application Thread] DEBUG FXGLDisplay          - Root size: 960.0x840.0
15:51:54.451 [JavaFX Application Thread] DEBUG FXGLDisplay          - Scene size: 960.0x840.0
15:51:54.451 [JavaFX Application Thread] DEBUG FXGLDisplay          - Stage size: 976.0x879.0
15:51:54.468 [JavaFX Application Thread] DEBUG GameApplication      - Running preInit()
15:51:54.470 [JavaFX Application Thread] DEBUG Input                - Registered new binding: Screenshot - P
15:51:54.470 [JavaFX Application Thread] DEBUG Input                - Registered new binding: Dev Options - CTRL+0
15:51:54.471 [JavaFX Application Thread] DEBUG Input                - Registered new binding: MOUSE CLICK - PRIMARY
15:51:54.513 [JavaFX Application Thread] DEBUG GameApplication      - Starting main loop
15:51:54.517 [JavaFX Application Thread] DEBUG StartupState         - STARTUP
15:51:54.517 [JavaFX Application Thread] DEBUG GameApplication      - Starting new game
15:51:54.517 [JavaFX Application Thread] DEBUG Input                - Clearing active input actions
15:51:54.517 [JavaFX Application Thread] DEBUG AppStateMachine      - StartupState -> LoadingState
15:51:54.621 [JavaFX Application Thread] DEBUG InitAppTask          - @AddCollisionHandler: []
15:51:54.622 [JavaFX Application Thread] DEBUG InitAppTask          - @SetEntityFactory: []
15:51:54.624 [FXGL Background Thread 1 ] DEBUG InitAppTask          - Clearing previous game
15:51:54.624 [FXGL Background Thread 1 ] DEBUG GameWorld            - Resetting game world
15:51:54.625 [FXGL Background Thread 1 ] DEBUG PhysicsWorld         - Resetting physics world
15:51:54.625 [FXGL Background Thread 1 ] DEBUG GameScene            - Resetting game scene
15:51:54.625 [FXGL Background Thread 1 ] DEBUG InitAppTask          - Initializing Assets
15:51:54.626 [FXGL Background Thread 1 ] DEBUG InitAppTask          - Initializing Game
15:51:54.649 [FXGL Background Thread 1 ] DEBUG GameScene            - Creating render group for layer: top(100)
15:51:54.678 [FXGL Background Thread 1 ] DEBUG GameScene            - Creating render group for layer: bottom(1)
15:51:54.703 [FXGL Background Thread 1 ] DEBUG GameScene            - Creating render group for layer: background(0)
15:51:54.703 [FXGL Background Thread 1 ] DEBUG InitAppTask          - Initializing Physics
15:51:54.703 [FXGL Background Thread 1 ] DEBUG InitAppTask          - Initializing UI
15:51:54.718 [FXGL Background Thread 1 ] DEBUG InitAppTask          - Initialization Complete
15:51:54.718 [FXGL Background Thread 1 ] INFO  InitAppTask          - Game initialization took: 0.094 sec
15:51:54.725 [JavaFX Application Thread] DEBUG Input                - Clearing active input actions
15:51:54.725 [JavaFX Application Thread] DEBUG AppStateMachine      - LoadingState -> PlayState
15:52:05.417 [JavaFX Application Thread] DEBUG FXGLEventBus         - Firing event: DisplayEvent[type=CLOSE_REQUEST]
15:52:05.417 [JavaFX Application Thread] DEBUG GameApplication      - Exiting FXGL application
15:52:05.418 [JavaFX Application Thread] DEBUG FXGL                 - Saving FXGL system data
15:52:05.419 [JavaFX Application Thread] DEBUG IOTask               - Executing task: writeDataTask(system/fxgl.bundle)
15:52:05.420 [JavaFX Application Thread] DEBUG FS                   - Writing to: system\fxgl.bundle
15:52:05.423 [JavaFX Application Thread] DEBUG IOTask               - Task succeeded: writeDataTask(system/fxgl.bundle)
15:52:05.423 [JavaFX Application Thread] DEBUG GameApplication      - Closing FXGL logger and exiting JavaFX
