21:04:00.218 [FXGL Launcher Thread     ] DEBUG FXGL                 - FXGL logger initialized
21:04:00.221 [FXGL Launcher Thread     ] DEBUG FXGL                 - Service <<AudioPlayer>> initialized
21:04:00.222 [FXGL Launcher Thread     ] DEBUG FXGLAssetLoader      - Asset cacheSize=35
21:04:00.222 [FXGL Launcher Thread     ] DEBUG FXGL                 - Service <<AssetLoader>> initialized
21:04:00.223 [FXGL Launcher Thread     ] DEBUG FXGL                 - Service <<EventBus>> initialized
21:04:00.225 [FXGL Launcher Thread     ] DEBUG FXGLAssetLoader      - Loading from disk: /assets/ui/cursors/fxgl_default.png
21:04:00.241 [FXGL Launcher Thread     ] DEBUG FXGLAssetLoader      - Loading from disk: /assets/sounds/core/notification.wav
21:04:00.267 [FXGL Launcher Thread     ] DEBUG FXGLAssetLoader      - Loading from disk: /assets/sounds/menu/select.wav
21:04:00.269 [FXGL Launcher Thread     ] DEBUG FXGLAssetLoader      - Loading from disk: /assets/sounds/menu/back.wav
21:04:00.272 [FXGL Launcher Thread     ] DEBUG FXGLAssetLoader      - Loading from disk: /assets/sounds/menu/press.wav
21:04:00.275 [FXGL Launcher Thread     ] DEBUG FXGLAssetLoader      - Loading from disk: /assets/ui/fonts/Copperplate_Gothic_Light_Regular.ttf
21:04:00.366 [FXGL Launcher Thread     ] DEBUG FXGLAssetLoader      - Loading from disk: /assets/ui/fonts/lucida_console.ttf
21:04:00.380 [FXGL Launcher Thread     ] DEBUG FXGLAssetLoader      - Loading from disk: /assets/ui/css/fxgl_dark.css
21:04:00.381 [FXGL Launcher Thread     ] DEBUG FXGLAssetLoader      - Loading from disk: /assets/ui/icons/fxgl_icon.png
21:04:00.393 [FXGL Launcher Thread     ] DEBUG FXGLDisplay          - Using CSS: CSS(externalForm=jar:file:/C:/Users/lukel/Documents/Programming/PacmanLevelEditor/lib/fxgl-0.3.4-uber.jar!/assets/ui/css/fxgl_dark.css)
21:04:00.395 [FXGL Launcher Thread     ] DEBUG FXGL                 - Service <<Display>> initialized
21:04:00.397 [FXGL Launcher Thread     ] DEBUG FXGL                 - Service <<Executor>> initialized
21:04:00.403 [FXGL Launcher Thread     ] DEBUG FXGL                 - Service <<NotificationService>> initialized
21:04:00.405 [FXGL Launcher Thread     ] DEBUG FXGL                 - Service <<Net>> initialized
21:04:00.445 [FXGL Launcher Thread     ] DEBUG FXGL                 - Service <<Gameplay>> initialized
21:04:00.450 [FXGL Launcher Thread     ] DEBUG FXGLPooler           - Default pool size for objects = 128
21:04:00.450 [FXGL Launcher Thread     ] DEBUG FXGL                 - Service <<Pooler>> initialized
21:04:00.451 [FXGL Launcher Thread     ] DEBUG FXGL                 - Service <<ExceptionHandler>> initialized
21:04:00.451 [FXGL Launcher Thread     ] DEBUG FXGL                 - Service <<UIFactory>> initialized
21:04:00.451 [FXGL Launcher Thread     ] DEBUG FXGL                 - Service <<DialogFactory>> initialized
21:04:00.452 [FXGL Launcher Thread     ] DEBUG FXGL                 - Service <<SceneFactory>> initialized
21:04:00.452 [FXGL Launcher Thread     ] DEBUG FXGL                 - Loading FXGL system data
21:04:00.454 [FXGL Launcher Thread     ] DEBUG IOTask               - Executing task: readDataTask(system/fxgl.bundle)
21:04:00.457 [FXGL Launcher Thread     ] DEBUG FS                   - Reading from: system\fxgl.bundle
21:04:00.467 [FXGL Launcher Thread     ] DEBUG IOTask               - Task succeeded: readDataTask(system/fxgl.bundle)
21:04:00.467 [FXGL Launcher Thread     ] DEBUG Bundle               - Logging bundle: FXGL
21:04:00.467 [FXGL Launcher Thread     ] DEBUG Bundle               - FXGL.offline.timer.version.check=2017-07-07T13:55:42.302
21:04:00.468 [FXGL Launcher Thread     ] DEBUG GameApplication      - FXGL configuration complete
21:04:00.468 [FXGL Launcher Thread     ] INFO  GameApplication      - FXGL configuration took:  0.733 sec
21:04:00.468 [FXGL Launcher Thread     ] DEBUG GameApplication      - Logging game settings
Title: Pacman Level Editor
Version: 0.1
Width: 960
Height: 840
Fullscreen: false
Intro: false
Menus: false
Profiling: false
App Mode: DEVELOPER
Menu Style: FXGL_DEFAULT
Menu Key: ESCAPE
Services: []
21:04:00.488 [FXGL Launcher Thread     ] DEBUG GameApplication      - Configuring GameApplication
21:04:00.490 [FXGL Launcher Thread     ] DEBUG AppStateMachine      - Initializing application states
21:04:00.492 [FXGL Launcher Thread     ] DEBUG FXGLAssetLoader      - Loading from disk: /assets/ui/cursors/fxgl_default.png
21:04:00.496 [FXGL Launcher Thread     ] DEBUG FXGLAssetLoader      - Loading from disk: /assets/ui/cursors/fxgl_default.png
21:04:00.524 [FXGL Launcher Thread     ] DEBUG GameWorld            - Game world initialized
21:04:00.556 [FXGL Launcher Thread     ] DEBUG PhysicsWorld         - Physics world initialized: appHeight=840, physics.ppm=50.0
21:04:00.563 [FXGL Launcher Thread     ] DEBUG FXGLAssetLoader      - Loading from disk: /assets/ui/cursors/fxgl_default.png
21:04:00.584 [FXGL Launcher Thread     ] DEBUG GameScene            - Game scene initialized: 960x840
21:04:00.600 [FXGL Launcher Thread     ] DEBUG Input                - Registered new binding: Pause - Esc
21:04:00.608 [FXGL Launcher Thread     ] INFO  GameApplication      - Game configuration took:  0.119 sec
21:04:00.613 [JavaFX Application Thread] DEBUG FXGLDisplay          - Target size: DoubleProperty [value: 960.0] x DoubleProperty [value: 840.0] @ 1.0
21:04:00.613 [JavaFX Application Thread] DEBUG FXGLDisplay          - New size:    960.0 x 840.0 @ DoubleProperty [value: 1.0]
21:04:00.613 [JavaFX Application Thread] DEBUG FXGLDisplay          - Opening primary stage
21:04:00.633 [JavaFX Application Thread] DEBUG FXGLDisplay          - Stage shown
21:04:00.633 [JavaFX Application Thread] DEBUG FXGLDisplay          - Root size: 960.0x840.0
21:04:00.634 [JavaFX Application Thread] DEBUG FXGLDisplay          - Scene size: 960.0x840.0
21:04:00.634 [JavaFX Application Thread] DEBUG FXGLDisplay          - Stage size: 976.0x879.0
21:04:00.650 [JavaFX Application Thread] DEBUG GameApplication      - Running preInit()
21:04:00.652 [JavaFX Application Thread] DEBUG Input                - Registered new binding: Screenshot - P
21:04:00.653 [JavaFX Application Thread] DEBUG Input                - Registered new binding: Dev Options - CTRL+0
21:04:00.653 [JavaFX Application Thread] DEBUG Input                - Registered new binding: MOUSE CLICK - PRIMARY
21:04:00.688 [JavaFX Application Thread] DEBUG GameApplication      - Starting main loop
21:04:00.690 [JavaFX Application Thread] DEBUG StartupState         - STARTUP
21:04:00.690 [JavaFX Application Thread] DEBUG GameApplication      - Starting new game
21:04:00.691 [JavaFX Application Thread] DEBUG Input                - Clearing active input actions
21:04:00.691 [JavaFX Application Thread] DEBUG AppStateMachine      - StartupState -> LoadingState
21:04:00.778 [JavaFX Application Thread] DEBUG InitAppTask          - @AddCollisionHandler: []
21:04:00.778 [JavaFX Application Thread] DEBUG InitAppTask          - @SetEntityFactory: []
21:04:00.781 [FXGL Background Thread 1 ] DEBUG InitAppTask          - Clearing previous game
21:04:00.781 [FXGL Background Thread 1 ] DEBUG GameWorld            - Resetting game world
21:04:00.781 [FXGL Background Thread 1 ] DEBUG PhysicsWorld         - Resetting physics world
21:04:00.782 [FXGL Background Thread 1 ] DEBUG GameScene            - Resetting game scene
21:04:00.782 [FXGL Background Thread 1 ] DEBUG InitAppTask          - Initializing Assets
21:04:00.782 [FXGL Background Thread 1 ] DEBUG InitAppTask          - Initializing Game
21:04:00.805 [FXGL Background Thread 1 ] DEBUG GameScene            - Creating render group for layer: top(100)
21:04:00.831 [FXGL Background Thread 1 ] DEBUG GameScene            - Creating render group for layer: bottom(1)
21:04:00.853 [FXGL Background Thread 1 ] DEBUG GameScene            - Creating render group for layer: background(0)
21:04:00.857 [FXGL Background Thread 1 ] DEBUG InitAppTask          - Initializing Physics
21:04:00.857 [FXGL Background Thread 1 ] DEBUG InitAppTask          - Initializing UI
21:04:00.868 [FXGL Background Thread 1 ] DEBUG InitAppTask          - Initialization Complete
21:04:00.869 [FXGL Background Thread 1 ] INFO  InitAppTask          - Game initialization took: 0.088 sec
21:04:00.878 [JavaFX Application Thread] DEBUG Input                - Clearing active input actions
21:04:00.878 [JavaFX Application Thread] DEBUG AppStateMachine      - LoadingState -> PlayState
21:04:14.045 [JavaFX Application Thread] DEBUG FXGLEventBus         - Firing event: DisplayEvent[type=CLOSE_REQUEST]
21:04:14.046 [JavaFX Application Thread] DEBUG GameApplication      - Exiting FXGL application
21:04:14.046 [JavaFX Application Thread] DEBUG FXGL                 - Saving FXGL system data
21:04:14.047 [JavaFX Application Thread] DEBUG IOTask               - Executing task: writeDataTask(system/fxgl.bundle)
21:04:14.049 [JavaFX Application Thread] DEBUG FS                   - Writing to: system\fxgl.bundle
21:04:14.052 [JavaFX Application Thread] DEBUG IOTask               - Task succeeded: writeDataTask(system/fxgl.bundle)
21:04:14.052 [JavaFX Application Thread] DEBUG GameApplication      - Closing FXGL logger and exiting JavaFX
