15:49:12.375 [FXGL Launcher Thread     ] DEBUG FXGL                 - FXGL logger initialized
15:49:12.377 [FXGL Launcher Thread     ] DEBUG FXGL                 - Service <<AudioPlayer>> initialized
15:49:12.378 [FXGL Launcher Thread     ] DEBUG FXGLAssetLoader      - Asset cacheSize=35
15:49:12.378 [FXGL Launcher Thread     ] DEBUG FXGL                 - Service <<AssetLoader>> initialized
15:49:12.379 [FXGL Launcher Thread     ] DEBUG FXGL                 - Service <<EventBus>> initialized
15:49:12.381 [FXGL Launcher Thread     ] DEBUG FXGLAssetLoader      - Loading from disk: /assets/ui/cursors/fxgl_default.png
15:49:12.395 [FXGL Launcher Thread     ] DEBUG FXGLAssetLoader      - Loading from disk: /assets/sounds/core/notification.wav
15:49:12.412 [FXGL Launcher Thread     ] DEBUG FXGLAssetLoader      - Loading from disk: /assets/sounds/menu/select.wav
15:49:12.413 [FXGL Launcher Thread     ] DEBUG FXGLAssetLoader      - Loading from disk: /assets/sounds/menu/back.wav
15:49:12.415 [FXGL Launcher Thread     ] DEBUG FXGLAssetLoader      - Loading from disk: /assets/sounds/menu/press.wav
15:49:12.416 [FXGL Launcher Thread     ] DEBUG FXGLAssetLoader      - Loading from disk: /assets/ui/fonts/Copperplate_Gothic_Light_Regular.ttf
15:49:12.490 [FXGL Launcher Thread     ] DEBUG FXGLAssetLoader      - Loading from disk: /assets/ui/fonts/lucida_console.ttf
15:49:12.504 [FXGL Launcher Thread     ] DEBUG FXGLAssetLoader      - Loading from disk: /assets/ui/css/fxgl_dark.css
15:49:12.504 [FXGL Launcher Thread     ] DEBUG FXGLAssetLoader      - Loading from disk: /assets/ui/icons/fxgl_icon.png
15:49:12.516 [FXGL Launcher Thread     ] DEBUG FXGLDisplay          - Using CSS: CSS(externalForm=jar:file:/C:/Users/lukel/Documents/Programming/PacmanLevelEditor/lib/fxgl-0.3.4-uber.jar!/assets/ui/css/fxgl_dark.css)
15:49:12.517 [FXGL Launcher Thread     ] DEBUG FXGL                 - Service <<Display>> initialized
15:49:12.519 [FXGL Launcher Thread     ] DEBUG FXGL                 - Service <<Executor>> initialized
15:49:12.524 [FXGL Launcher Thread     ] DEBUG FXGL                 - Service <<NotificationService>> initialized
15:49:12.525 [FXGL Launcher Thread     ] DEBUG FXGL                 - Service <<Net>> initialized
15:49:12.536 [FXGL Launcher Thread     ] DEBUG FXGL                 - Service <<Gameplay>> initialized
15:49:12.541 [FXGL Launcher Thread     ] DEBUG FXGLPooler           - Default pool size for objects = 128
15:49:12.541 [FXGL Launcher Thread     ] DEBUG FXGL                 - Service <<Pooler>> initialized
15:49:12.541 [FXGL Launcher Thread     ] DEBUG FXGL                 - Service <<ExceptionHandler>> initialized
15:49:12.541 [FXGL Launcher Thread     ] DEBUG FXGL                 - Service <<UIFactory>> initialized
15:49:12.542 [FXGL Launcher Thread     ] DEBUG FXGL                 - Service <<DialogFactory>> initialized
15:49:12.542 [FXGL Launcher Thread     ] DEBUG FXGL                 - Service <<SceneFactory>> initialized
15:49:12.542 [FXGL Launcher Thread     ] DEBUG FXGL                 - Loading FXGL system data
15:49:12.545 [FXGL Launcher Thread     ] DEBUG IOTask               - Executing task: readDataTask(system/fxgl.bundle)
15:49:12.547 [FXGL Launcher Thread     ] DEBUG FS                   - Reading from: system\fxgl.bundle
15:49:12.555 [FXGL Launcher Thread     ] DEBUG IOTask               - Task succeeded: readDataTask(system/fxgl.bundle)
15:49:12.555 [FXGL Launcher Thread     ] DEBUG Bundle               - Logging bundle: FXGL
15:49:12.556 [FXGL Launcher Thread     ] DEBUG Bundle               - FXGL.offline.timer.version.check=2017-07-07T13:55:42.302
15:49:12.556 [FXGL Launcher Thread     ] DEBUG GameApplication      - FXGL configuration complete
15:49:12.557 [FXGL Launcher Thread     ] INFO  GameApplication      - FXGL configuration took:  0.627 sec
15:49:12.557 [FXGL Launcher Thread     ] DEBUG GameApplication      - Logging game settings
Title: Pacman Level Editor
Version: 0.1
Width: 960
Height: 840
Fullscreen: false
Intro: false
Menus: false
Profiling: false
App Mode: DEVELOPER
Menu Style: FXGL_DEFAULT
Menu Key: ESCAPE
Services: []
15:49:12.567 [FXGL Launcher Thread     ] DEBUG GameApplication      - Configuring GameApplication
15:49:12.567 [FXGL Launcher Thread     ] DEBUG AppStateMachine      - Initializing application states
15:49:12.570 [FXGL Launcher Thread     ] DEBUG FXGLAssetLoader      - Loading from disk: /assets/ui/cursors/fxgl_default.png
15:49:12.574 [FXGL Launcher Thread     ] DEBUG FXGLAssetLoader      - Loading from disk: /assets/ui/cursors/fxgl_default.png
15:49:12.607 [FXGL Launcher Thread     ] DEBUG GameWorld            - Game world initialized
15:49:12.642 [FXGL Launcher Thread     ] DEBUG PhysicsWorld         - Physics world initialized: appHeight=840, physics.ppm=50.0
15:49:12.653 [FXGL Launcher Thread     ] DEBUG FXGLAssetLoader      - Loading from disk: /assets/ui/cursors/fxgl_default.png
15:49:12.670 [FXGL Launcher Thread     ] DEBUG GameScene            - Game scene initialized: 960x840
15:49:12.686 [FXGL Launcher Thread     ] DEBUG Input                - Registered new binding: Pause - Esc
15:49:12.695 [FXGL Launcher Thread     ] INFO  GameApplication      - Game configuration took:  0.128 sec
15:49:12.699 [JavaFX Application Thread] DEBUG FXGLDisplay          - Target size: DoubleProperty [value: 960.0] x DoubleProperty [value: 840.0] @ 1.0
15:49:12.699 [JavaFX Application Thread] DEBUG FXGLDisplay          - New size:    960.0 x 840.0 @ DoubleProperty [value: 1.0]
15:49:12.699 [JavaFX Application Thread] DEBUG FXGLDisplay          - Opening primary stage
15:49:12.729 [JavaFX Application Thread] DEBUG FXGLDisplay          - Stage shown
15:49:12.729 [JavaFX Application Thread] DEBUG FXGLDisplay          - Root size: 960.0x840.0
15:49:12.729 [JavaFX Application Thread] DEBUG FXGLDisplay          - Scene size: 960.0x840.0
15:49:12.729 [JavaFX Application Thread] DEBUG FXGLDisplay          - Stage size: 976.0x879.0
15:49:12.759 [JavaFX Application Thread] DEBUG GameApplication      - Running preInit()
15:49:12.761 [JavaFX Application Thread] DEBUG Input                - Registered new binding: Screenshot - P
15:49:12.762 [JavaFX Application Thread] DEBUG Input                - Registered new binding: Dev Options - CTRL+0
15:49:12.762 [JavaFX Application Thread] DEBUG Input                - Registered new binding: MOUSE CLICK - PRIMARY
15:49:12.799 [JavaFX Application Thread] DEBUG GameApplication      - Starting main loop
15:49:12.802 [JavaFX Application Thread] DEBUG StartupState         - STARTUP
15:49:12.802 [JavaFX Application Thread] DEBUG GameApplication      - Starting new game
15:49:12.802 [JavaFX Application Thread] DEBUG Input                - Clearing active input actions
15:49:12.802 [JavaFX Application Thread] DEBUG AppStateMachine      - StartupState -> LoadingState
15:49:12.953 [JavaFX Application Thread] DEBUG InitAppTask          - @AddCollisionHandler: []
15:49:12.953 [JavaFX Application Thread] DEBUG InitAppTask          - @SetEntityFactory: []
15:49:12.956 [FXGL Background Thread 1 ] DEBUG InitAppTask          - Clearing previous game
15:49:12.956 [FXGL Background Thread 1 ] DEBUG GameWorld            - Resetting game world
15:49:12.957 [FXGL Background Thread 1 ] DEBUG PhysicsWorld         - Resetting physics world
15:49:12.957 [FXGL Background Thread 1 ] DEBUG GameScene            - Resetting game scene
15:49:12.957 [FXGL Background Thread 1 ] DEBUG InitAppTask          - Initializing Assets
15:49:12.957 [FXGL Background Thread 1 ] DEBUG InitAppTask          - Initializing Game
15:49:12.983 [FXGL Background Thread 1 ] DEBUG GameScene            - Creating render group for layer: top(100)
15:49:13.003 [FXGL Background Thread 1 ] DEBUG GameScene            - Creating render group for layer: bottom(1)
15:49:13.028 [FXGL Background Thread 1 ] DEBUG GameScene            - Creating render group for layer: background(0)
15:49:13.028 [FXGL Background Thread 1 ] DEBUG InitAppTask          - Initializing Physics
15:49:13.028 [FXGL Background Thread 1 ] DEBUG InitAppTask          - Initializing UI
15:49:13.042 [FXGL Background Thread 1 ] DEBUG InitAppTask          - Initialization Complete
15:49:13.042 [FXGL Background Thread 1 ] INFO  InitAppTask          - Game initialization took: 0.087 sec
15:49:13.044 [JavaFX Application Thread] DEBUG Input                - Clearing active input actions
15:49:13.044 [JavaFX Application Thread] DEBUG AppStateMachine      - LoadingState -> PlayState
15:49:31.293 [JavaFX Application Thread] DEBUG FXGLEventBus         - Firing event: DisplayEvent[type=CLOSE_REQUEST]
15:49:31.294 [JavaFX Application Thread] DEBUG GameApplication      - Exiting FXGL application
15:49:31.294 [JavaFX Application Thread] DEBUG FXGL                 - Saving FXGL system data
15:49:31.295 [JavaFX Application Thread] DEBUG IOTask               - Executing task: writeDataTask(system/fxgl.bundle)
15:49:31.297 [JavaFX Application Thread] DEBUG FS                   - Writing to: system\fxgl.bundle
15:49:31.299 [JavaFX Application Thread] DEBUG IOTask               - Task succeeded: writeDataTask(system/fxgl.bundle)
15:49:31.300 [JavaFX Application Thread] DEBUG GameApplication      - Closing FXGL logger and exiting JavaFX
