20:47:21.287 [FXGL Launcher Thread     ] DEBUG FXGL                 - FXGL logger initialized
20:47:21.289 [FXGL Launcher Thread     ] DEBUG FXGL                 - Service <<AudioPlayer>> initialized
20:47:21.290 [FXGL Launcher Thread     ] DEBUG FXGLAssetLoader      - Asset cacheSize=35
20:47:21.291 [FXGL Launcher Thread     ] DEBUG FXGL                 - Service <<AssetLoader>> initialized
20:47:21.291 [FXGL Launcher Thread     ] DEBUG FXGL                 - Service <<EventBus>> initialized
20:47:21.293 [FXGL Launcher Thread     ] DEBUG FXGLAssetLoader      - Loading from disk: /assets/ui/cursors/fxgl_default.png
20:47:21.308 [FXGL Launcher Thread     ] DEBUG FXGLAssetLoader      - Loading from disk: /assets/sounds/core/notification.wav
20:47:21.325 [FXGL Launcher Thread     ] DEBUG FXGLAssetLoader      - Loading from disk: /assets/sounds/menu/select.wav
20:47:21.326 [FXGL Launcher Thread     ] DEBUG FXGLAssetLoader      - Loading from disk: /assets/sounds/menu/back.wav
20:47:21.328 [FXGL Launcher Thread     ] DEBUG FXGLAssetLoader      - Loading from disk: /assets/sounds/menu/press.wav
20:47:21.330 [FXGL Launcher Thread     ] DEBUG FXGLAssetLoader      - Loading from disk: /assets/ui/fonts/Copperplate_Gothic_Light_Regular.ttf
20:47:21.412 [FXGL Launcher Thread     ] DEBUG FXGLAssetLoader      - Loading from disk: /assets/ui/fonts/lucida_console.ttf
20:47:21.424 [FXGL Launcher Thread     ] DEBUG FXGLAssetLoader      - Loading from disk: /assets/ui/css/fxgl_dark.css
20:47:21.424 [FXGL Launcher Thread     ] DEBUG FXGLAssetLoader      - Loading from disk: /assets/ui/icons/fxgl_icon.png
20:47:21.437 [FXGL Launcher Thread     ] DEBUG FXGLDisplay          - Using CSS: CSS(externalForm=jar:file:/C:/Users/lukel/Documents/Programming/PacmanLevelEditor/lib/fxgl-0.3.4-uber.jar!/assets/ui/css/fxgl_dark.css)
20:47:21.438 [FXGL Launcher Thread     ] DEBUG FXGL                 - Service <<Display>> initialized
20:47:21.440 [FXGL Launcher Thread     ] DEBUG FXGL                 - Service <<Executor>> initialized
20:47:21.446 [FXGL Launcher Thread     ] DEBUG FXGL                 - Service <<NotificationService>> initialized
20:47:21.447 [FXGL Launcher Thread     ] DEBUG FXGL                 - Service <<Net>> initialized
20:47:21.462 [FXGL Launcher Thread     ] DEBUG FXGL                 - Service <<Gameplay>> initialized
20:47:21.467 [FXGL Launcher Thread     ] DEBUG FXGLPooler           - Default pool size for objects = 128
20:47:21.467 [FXGL Launcher Thread     ] DEBUG FXGL                 - Service <<Pooler>> initialized
20:47:21.468 [FXGL Launcher Thread     ] DEBUG FXGL                 - Service <<ExceptionHandler>> initialized
20:47:21.468 [FXGL Launcher Thread     ] DEBUG FXGL                 - Service <<UIFactory>> initialized
20:47:21.468 [FXGL Launcher Thread     ] DEBUG FXGL                 - Service <<DialogFactory>> initialized
20:47:21.469 [FXGL Launcher Thread     ] DEBUG FXGL                 - Service <<SceneFactory>> initialized
20:47:21.469 [FXGL Launcher Thread     ] DEBUG FXGL                 - Loading FXGL system data
20:47:21.472 [FXGL Launcher Thread     ] DEBUG IOTask               - Executing task: readDataTask(system/fxgl.bundle)
20:47:21.474 [FXGL Launcher Thread     ] DEBUG FS                   - Reading from: system\fxgl.bundle
20:47:21.482 [FXGL Launcher Thread     ] DEBUG IOTask               - Task succeeded: readDataTask(system/fxgl.bundle)
20:47:21.482 [FXGL Launcher Thread     ] DEBUG Bundle               - Logging bundle: FXGL
20:47:21.482 [FXGL Launcher Thread     ] DEBUG Bundle               - FXGL.offline.timer.version.check=2017-07-07T13:55:42.302
20:47:21.482 [FXGL Launcher Thread     ] DEBUG GameApplication      - FXGL configuration complete
20:47:21.483 [FXGL Launcher Thread     ] INFO  GameApplication      - FXGL configuration took:  0.636 sec
20:47:21.483 [FXGL Launcher Thread     ] DEBUG GameApplication      - Logging game settings
Title: Pacman Level Editor
Version: 0.1
Width: 960
Height: 840
Fullscreen: false
Intro: false
Menus: false
Profiling: false
App Mode: DEVELOPER
Menu Style: FXGL_DEFAULT
Menu Key: ESCAPE
Services: []
20:47:21.501 [FXGL Launcher Thread     ] DEBUG GameApplication      - Configuring GameApplication
20:47:21.501 [FXGL Launcher Thread     ] DEBUG AppStateMachine      - Initializing application states
20:47:21.504 [FXGL Launcher Thread     ] DEBUG FXGLAssetLoader      - Loading from disk: /assets/ui/cursors/fxgl_default.png
20:47:21.507 [FXGL Launcher Thread     ] DEBUG FXGLAssetLoader      - Loading from disk: /assets/ui/cursors/fxgl_default.png
20:47:21.541 [FXGL Launcher Thread     ] DEBUG GameWorld            - Game world initialized
20:47:21.573 [FXGL Launcher Thread     ] DEBUG PhysicsWorld         - Physics world initialized: appHeight=840, physics.ppm=50.0
20:47:21.584 [FXGL Launcher Thread     ] DEBUG FXGLAssetLoader      - Loading from disk: /assets/ui/cursors/fxgl_default.png
20:47:21.600 [FXGL Launcher Thread     ] DEBUG GameScene            - Game scene initialized: 960x840
20:47:21.617 [FXGL Launcher Thread     ] DEBUG Input                - Registered new binding: Pause - Esc
20:47:21.626 [FXGL Launcher Thread     ] INFO  GameApplication      - Game configuration took:  0.125 sec
20:47:21.629 [JavaFX Application Thread] DEBUG FXGLDisplay          - Target size: DoubleProperty [value: 960.0] x DoubleProperty [value: 840.0] @ 1.0
20:47:21.629 [JavaFX Application Thread] DEBUG FXGLDisplay          - New size:    960.0 x 840.0 @ DoubleProperty [value: 1.0]
20:47:21.629 [JavaFX Application Thread] DEBUG FXGLDisplay          - Opening primary stage
20:47:21.660 [JavaFX Application Thread] DEBUG FXGLDisplay          - Stage shown
20:47:21.660 [JavaFX Application Thread] DEBUG FXGLDisplay          - Root size: 960.0x840.0
20:47:21.660 [JavaFX Application Thread] DEBUG FXGLDisplay          - Scene size: 960.0x840.0
20:47:21.660 [JavaFX Application Thread] DEBUG FXGLDisplay          - Stage size: 976.0x879.0
20:47:21.689 [JavaFX Application Thread] DEBUG GameApplication      - Running preInit()
20:47:21.691 [JavaFX Application Thread] DEBUG Input                - Registered new binding: Screenshot - P
20:47:21.691 [JavaFX Application Thread] DEBUG Input                - Registered new binding: Dev Options - CTRL+0
20:47:21.692 [JavaFX Application Thread] DEBUG Input                - Registered new binding: MOUSE CLICK - PRIMARY
20:47:21.728 [JavaFX Application Thread] DEBUG GameApplication      - Starting main loop
20:47:21.730 [JavaFX Application Thread] DEBUG StartupState         - STARTUP
20:47:21.730 [JavaFX Application Thread] DEBUG GameApplication      - Starting new game
20:47:21.731 [JavaFX Application Thread] DEBUG Input                - Clearing active input actions
20:47:21.731 [JavaFX Application Thread] DEBUG AppStateMachine      - StartupState -> LoadingState
20:47:21.885 [JavaFX Application Thread] DEBUG InitAppTask          - @AddCollisionHandler: []
20:47:21.885 [JavaFX Application Thread] DEBUG InitAppTask          - @SetEntityFactory: []
20:47:21.888 [FXGL Background Thread 1 ] DEBUG InitAppTask          - Clearing previous game
20:47:21.888 [FXGL Background Thread 1 ] DEBUG GameWorld            - Resetting game world
20:47:21.889 [FXGL Background Thread 1 ] DEBUG PhysicsWorld         - Resetting physics world
20:47:21.889 [FXGL Background Thread 1 ] DEBUG GameScene            - Resetting game scene
20:47:21.889 [FXGL Background Thread 1 ] DEBUG InitAppTask          - Initializing Assets
20:47:21.889 [FXGL Background Thread 1 ] DEBUG InitAppTask          - Initializing Game
20:47:21.917 [FXGL Background Thread 1 ] DEBUG GameScene            - Creating render group for layer: top(100)
20:47:21.940 [FXGL Background Thread 1 ] DEBUG GameScene            - Creating render group for layer: background(0)
20:47:21.943 [FXGL Background Thread 1 ] DEBUG InitAppTask          - Initializing Physics
20:47:21.944 [FXGL Background Thread 1 ] DEBUG InitAppTask          - Initializing UI
20:47:21.957 [FXGL Background Thread 1 ] DEBUG GameScene            - Creating render group for layer: bottom(1)
20:47:21.961 [FXGL Background Thread 1 ] DEBUG InitAppTask          - Initialization Complete
20:47:21.961 [FXGL Background Thread 1 ] INFO  InitAppTask          - Game initialization took: 0.074 sec
20:47:21.976 [JavaFX Application Thread] DEBUG Input                - Clearing active input actions
20:47:21.977 [JavaFX Application Thread] DEBUG AppStateMachine      - LoadingState -> PlayState
20:58:02.232 [JavaFX Application Thread] DEBUG FXGLEventBus         - Firing event: DisplayEvent[type=CLOSE_REQUEST]
20:58:02.232 [JavaFX Application Thread] DEBUG GameApplication      - Exiting FXGL application
20:58:02.233 [JavaFX Application Thread] DEBUG FXGL                 - Saving FXGL system data
20:58:02.234 [JavaFX Application Thread] DEBUG IOTask               - Executing task: writeDataTask(system/fxgl.bundle)
20:58:02.236 [JavaFX Application Thread] DEBUG FS                   - Writing to: system\fxgl.bundle
20:58:02.239 [JavaFX Application Thread] DEBUG IOTask               - Task succeeded: writeDataTask(system/fxgl.bundle)
20:58:02.239 [JavaFX Application Thread] DEBUG GameApplication      - Closing FXGL logger and exiting JavaFX
