20:45:20.165 [FXGL Launcher Thread     ] DEBUG FXGL                 - FXGL logger initialized
20:45:20.168 [FXGL Launcher Thread     ] DEBUG FXGL                 - Service <<AudioPlayer>> initialized
20:45:20.169 [FXGL Launcher Thread     ] DEBUG FXGLAssetLoader      - Asset cacheSize=35
20:45:20.170 [FXGL Launcher Thread     ] DEBUG FXGL                 - Service <<AssetLoader>> initialized
20:45:20.170 [FXGL Launcher Thread     ] DEBUG FXGL                 - Service <<EventBus>> initialized
20:45:20.172 [FXGL Launcher Thread     ] DEBUG FXGLAssetLoader      - Loading from disk: /assets/ui/cursors/fxgl_default.png
20:45:20.187 [FXGL Launcher Thread     ] DEBUG FXGLAssetLoader      - Loading from disk: /assets/sounds/core/notification.wav
20:45:20.205 [FXGL Launcher Thread     ] DEBUG FXGLAssetLoader      - Loading from disk: /assets/sounds/menu/select.wav
20:45:20.206 [FXGL Launcher Thread     ] DEBUG FXGLAssetLoader      - Loading from disk: /assets/sounds/menu/back.wav
20:45:20.208 [FXGL Launcher Thread     ] DEBUG FXGLAssetLoader      - Loading from disk: /assets/sounds/menu/press.wav
20:45:20.210 [FXGL Launcher Thread     ] DEBUG FXGLAssetLoader      - Loading from disk: /assets/ui/fonts/Copperplate_Gothic_Light_Regular.ttf
20:45:20.359 [FXGL Launcher Thread     ] DEBUG FXGLAssetLoader      - Loading from disk: /assets/ui/fonts/lucida_console.ttf
20:45:20.373 [FXGL Launcher Thread     ] DEBUG FXGLAssetLoader      - Loading from disk: /assets/ui/css/fxgl_dark.css
20:45:20.373 [FXGL Launcher Thread     ] DEBUG FXGLAssetLoader      - Loading from disk: /assets/ui/icons/fxgl_icon.png
20:45:20.387 [FXGL Launcher Thread     ] DEBUG FXGLDisplay          - Using CSS: CSS(externalForm=jar:file:/C:/Users/lukel/Documents/Programming/PacmanLevelEditor/lib/fxgl-0.3.4-uber.jar!/assets/ui/css/fxgl_dark.css)
20:45:20.388 [FXGL Launcher Thread     ] DEBUG FXGL                 - Service <<Display>> initialized
20:45:20.390 [FXGL Launcher Thread     ] DEBUG FXGL                 - Service <<Executor>> initialized
20:45:20.396 [FXGL Launcher Thread     ] DEBUG FXGL                 - Service <<NotificationService>> initialized
20:45:20.397 [FXGL Launcher Thread     ] DEBUG FXGL                 - Service <<Net>> initialized
20:45:20.411 [FXGL Launcher Thread     ] DEBUG FXGL                 - Service <<Gameplay>> initialized
20:45:20.416 [FXGL Launcher Thread     ] DEBUG FXGLPooler           - Default pool size for objects = 128
20:45:20.416 [FXGL Launcher Thread     ] DEBUG FXGL                 - Service <<Pooler>> initialized
20:45:20.416 [FXGL Launcher Thread     ] DEBUG FXGL                 - Service <<ExceptionHandler>> initialized
20:45:20.417 [FXGL Launcher Thread     ] DEBUG FXGL                 - Service <<UIFactory>> initialized
20:45:20.417 [FXGL Launcher Thread     ] DEBUG FXGL                 - Service <<DialogFactory>> initialized
20:45:20.417 [FXGL Launcher Thread     ] DEBUG FXGL                 - Service <<SceneFactory>> initialized
20:45:20.417 [FXGL Launcher Thread     ] DEBUG FXGL                 - Loading FXGL system data
20:45:20.420 [FXGL Launcher Thread     ] DEBUG IOTask               - Executing task: readDataTask(system/fxgl.bundle)
20:45:20.423 [FXGL Launcher Thread     ] DEBUG FS                   - Reading from: system\fxgl.bundle
20:45:20.432 [FXGL Launcher Thread     ] DEBUG IOTask               - Task succeeded: readDataTask(system/fxgl.bundle)
20:45:20.433 [FXGL Launcher Thread     ] DEBUG Bundle               - Logging bundle: FXGL
20:45:20.433 [FXGL Launcher Thread     ] DEBUG Bundle               - FXGL.offline.timer.version.check=2017-07-07T13:55:42.302
20:45:20.433 [FXGL Launcher Thread     ] DEBUG GameApplication      - FXGL configuration complete
20:45:20.434 [FXGL Launcher Thread     ] INFO  GameApplication      - FXGL configuration took:  0.687 sec
20:45:20.434 [FXGL Launcher Thread     ] DEBUG GameApplication      - Logging game settings
Title: Pacman Level Editor
Version: 0.1
Width: 960
Height: 840
Fullscreen: false
Intro: false
Menus: false
Profiling: false
App Mode: DEVELOPER
Menu Style: FXGL_DEFAULT
Menu Key: ESCAPE
Services: []
20:45:20.460 [FXGL Launcher Thread     ] DEBUG GameApplication      - Configuring GameApplication
20:45:20.461 [FXGL Launcher Thread     ] DEBUG AppStateMachine      - Initializing application states
20:45:20.463 [FXGL Launcher Thread     ] DEBUG FXGLAssetLoader      - Loading from disk: /assets/ui/cursors/fxgl_default.png
20:45:20.466 [FXGL Launcher Thread     ] DEBUG FXGLAssetLoader      - Loading from disk: /assets/ui/cursors/fxgl_default.png
20:45:20.497 [FXGL Launcher Thread     ] DEBUG GameWorld            - Game world initialized
20:45:20.533 [FXGL Launcher Thread     ] DEBUG PhysicsWorld         - Physics world initialized: appHeight=840, physics.ppm=50.0
20:45:20.541 [FXGL Launcher Thread     ] DEBUG FXGLAssetLoader      - Loading from disk: /assets/ui/cursors/fxgl_default.png
20:45:20.556 [FXGL Launcher Thread     ] DEBUG GameScene            - Game scene initialized: 960x840
20:45:20.573 [FXGL Launcher Thread     ] DEBUG Input                - Registered new binding: Pause - Esc
20:45:20.583 [FXGL Launcher Thread     ] INFO  GameApplication      - Game configuration took:  0.122 sec
20:45:20.589 [JavaFX Application Thread] DEBUG FXGLDisplay          - Target size: DoubleProperty [value: 960.0] x DoubleProperty [value: 840.0] @ 1.0
20:45:20.589 [JavaFX Application Thread] DEBUG FXGLDisplay          - New size:    960.0 x 840.0 @ DoubleProperty [value: 1.0]
20:45:20.589 [JavaFX Application Thread] DEBUG FXGLDisplay          - Opening primary stage
20:45:20.623 [JavaFX Application Thread] DEBUG FXGLDisplay          - Stage shown
20:45:20.623 [JavaFX Application Thread] DEBUG FXGLDisplay          - Root size: 960.0x840.0
20:45:20.623 [JavaFX Application Thread] DEBUG FXGLDisplay          - Scene size: 960.0x840.0
20:45:20.623 [JavaFX Application Thread] DEBUG FXGLDisplay          - Stage size: 976.0x879.0
20:45:20.645 [JavaFX Application Thread] DEBUG GameApplication      - Running preInit()
20:45:20.647 [JavaFX Application Thread] DEBUG Input                - Registered new binding: Screenshot - P
20:45:20.647 [JavaFX Application Thread] DEBUG Input                - Registered new binding: Dev Options - CTRL+0
20:45:20.647 [JavaFX Application Thread] DEBUG Input                - Registered new binding: MOUSE CLICK - PRIMARY
20:45:20.685 [JavaFX Application Thread] DEBUG GameApplication      - Starting main loop
20:45:20.687 [JavaFX Application Thread] DEBUG StartupState         - STARTUP
20:45:20.687 [JavaFX Application Thread] DEBUG GameApplication      - Starting new game
20:45:20.687 [JavaFX Application Thread] DEBUG Input                - Clearing active input actions
20:45:20.687 [JavaFX Application Thread] DEBUG AppStateMachine      - StartupState -> LoadingState
20:45:20.834 [JavaFX Application Thread] DEBUG InitAppTask          - @AddCollisionHandler: []
20:45:20.834 [JavaFX Application Thread] DEBUG InitAppTask          - @SetEntityFactory: []
20:45:20.838 [FXGL Background Thread 1 ] DEBUG InitAppTask          - Clearing previous game
20:45:20.838 [FXGL Background Thread 1 ] DEBUG GameWorld            - Resetting game world
20:45:20.839 [FXGL Background Thread 1 ] DEBUG PhysicsWorld         - Resetting physics world
20:45:20.839 [FXGL Background Thread 1 ] DEBUG GameScene            - Resetting game scene
20:45:20.839 [FXGL Background Thread 1 ] DEBUG InitAppTask          - Initializing Assets
20:45:20.839 [FXGL Background Thread 1 ] DEBUG InitAppTask          - Initializing Game
20:45:20.856 [FXGL Background Thread 1 ] DEBUG GameScene            - Creating render group for layer: top(100)
20:45:20.876 [FXGL Background Thread 1 ] DEBUG GameScene            - Creating render group for layer: background(0)
20:45:20.879 [FXGL Background Thread 1 ] DEBUG InitAppTask          - Initializing Physics
20:45:20.879 [FXGL Background Thread 1 ] DEBUG InitAppTask          - Initializing UI
20:45:20.887 [FXGL Background Thread 1 ] DEBUG GameScene            - Creating render group for layer: bottom(1)
20:45:20.890 [FXGL Background Thread 1 ] DEBUG InitAppTask          - Initialization Complete
20:45:20.891 [FXGL Background Thread 1 ] INFO  InitAppTask          - Game initialization took: 0.053 sec
20:45:20.920 [JavaFX Application Thread] DEBUG Input                - Clearing active input actions
20:45:20.921 [JavaFX Application Thread] DEBUG AppStateMachine      - LoadingState -> PlayState
20:45:27.540 [JavaFX Application Thread] DEBUG FXGLEventBus         - Firing event: DisplayEvent[type=CLOSE_REQUEST]
20:45:27.541 [JavaFX Application Thread] DEBUG GameApplication      - Exiting FXGL application
20:45:27.541 [JavaFX Application Thread] DEBUG FXGL                 - Saving FXGL system data
20:45:27.543 [JavaFX Application Thread] DEBUG IOTask               - Executing task: writeDataTask(system/fxgl.bundle)
20:45:27.544 [JavaFX Application Thread] DEBUG FS                   - Writing to: system\fxgl.bundle
20:45:27.547 [JavaFX Application Thread] DEBUG IOTask               - Task succeeded: writeDataTask(system/fxgl.bundle)
20:45:27.547 [JavaFX Application Thread] DEBUG GameApplication      - Closing FXGL logger and exiting JavaFX
