20:36:03.719 [FXGL Launcher Thread     ] DEBUG FXGL                 - FXGL logger initialized
20:36:03.721 [FXGL Launcher Thread     ] DEBUG FXGL                 - Service <<AudioPlayer>> initialized
20:36:03.722 [FXGL Launcher Thread     ] DEBUG FXGLAssetLoader      - Asset cacheSize=35
20:36:03.723 [FXGL Launcher Thread     ] DEBUG FXGL                 - Service <<AssetLoader>> initialized
20:36:03.723 [FXGL Launcher Thread     ] DEBUG FXGL                 - Service <<EventBus>> initialized
20:36:03.725 [FXGL Launcher Thread     ] DEBUG FXGLAssetLoader      - Loading from disk: /assets/ui/cursors/fxgl_default.png
20:36:03.739 [FXGL Launcher Thread     ] DEBUG FXGLAssetLoader      - Loading from disk: /assets/sounds/core/notification.wav
20:36:03.756 [FXGL Launcher Thread     ] DEBUG FXGLAssetLoader      - Loading from disk: /assets/sounds/menu/select.wav
20:36:03.757 [FXGL Launcher Thread     ] DEBUG FXGLAssetLoader      - Loading from disk: /assets/sounds/menu/back.wav
20:36:03.759 [FXGL Launcher Thread     ] DEBUG FXGLAssetLoader      - Loading from disk: /assets/sounds/menu/press.wav
20:36:03.761 [FXGL Launcher Thread     ] DEBUG FXGLAssetLoader      - Loading from disk: /assets/ui/fonts/Copperplate_Gothic_Light_Regular.ttf
20:36:03.877 [FXGL Launcher Thread     ] DEBUG FXGLAssetLoader      - Loading from disk: /assets/ui/fonts/lucida_console.ttf
20:36:03.891 [FXGL Launcher Thread     ] DEBUG FXGLAssetLoader      - Loading from disk: /assets/ui/css/fxgl_dark.css
20:36:03.891 [FXGL Launcher Thread     ] DEBUG FXGLAssetLoader      - Loading from disk: /assets/ui/icons/fxgl_icon.png
20:36:03.904 [FXGL Launcher Thread     ] DEBUG FXGLDisplay          - Using CSS: CSS(externalForm=jar:file:/C:/Users/lukel/Documents/Programming/PacmanLevelEditor/lib/fxgl-0.3.4-uber.jar!/assets/ui/css/fxgl_dark.css)
20:36:03.905 [FXGL Launcher Thread     ] DEBUG FXGL                 - Service <<Display>> initialized
20:36:03.906 [FXGL Launcher Thread     ] DEBUG FXGL                 - Service <<Executor>> initialized
20:36:03.912 [FXGL Launcher Thread     ] DEBUG FXGL                 - Service <<NotificationService>> initialized
20:36:03.912 [FXGL Launcher Thread     ] DEBUG FXGL                 - Service <<Net>> initialized
20:36:03.925 [FXGL Launcher Thread     ] DEBUG FXGL                 - Service <<Gameplay>> initialized
20:36:03.929 [FXGL Launcher Thread     ] DEBUG FXGLPooler           - Default pool size for objects = 128
20:36:03.929 [FXGL Launcher Thread     ] DEBUG FXGL                 - Service <<Pooler>> initialized
20:36:03.930 [FXGL Launcher Thread     ] DEBUG FXGL                 - Service <<ExceptionHandler>> initialized
20:36:03.930 [FXGL Launcher Thread     ] DEBUG FXGL                 - Service <<UIFactory>> initialized
20:36:03.930 [FXGL Launcher Thread     ] DEBUG FXGL                 - Service <<DialogFactory>> initialized
20:36:03.930 [FXGL Launcher Thread     ] DEBUG FXGL                 - Service <<SceneFactory>> initialized
20:36:03.930 [FXGL Launcher Thread     ] DEBUG FXGL                 - Loading FXGL system data
20:36:03.933 [FXGL Launcher Thread     ] DEBUG IOTask               - Executing task: readDataTask(system/fxgl.bundle)
20:36:03.936 [FXGL Launcher Thread     ] DEBUG FS                   - Reading from: system\fxgl.bundle
20:36:03.943 [FXGL Launcher Thread     ] DEBUG IOTask               - Task succeeded: readDataTask(system/fxgl.bundle)
20:36:03.943 [FXGL Launcher Thread     ] DEBUG Bundle               - Logging bundle: FXGL
20:36:03.944 [FXGL Launcher Thread     ] DEBUG Bundle               - FXGL.offline.timer.version.check=2017-07-07T13:55:42.302
20:36:03.944 [FXGL Launcher Thread     ] DEBUG GameApplication      - FXGL configuration complete
20:36:03.944 [FXGL Launcher Thread     ] INFO  GameApplication      - FXGL configuration took:  0.632 sec
20:36:03.944 [FXGL Launcher Thread     ] DEBUG GameApplication      - Logging game settings
Title: Pacman Level Editor
Version: 0.1
Width: 960
Height: 840
Fullscreen: false
Intro: false
Menus: false
Profiling: false
App Mode: DEVELOPER
Menu Style: FXGL_DEFAULT
Menu Key: ESCAPE
Services: []
20:36:03.955 [FXGL Launcher Thread     ] DEBUG GameApplication      - Configuring GameApplication
20:36:03.955 [FXGL Launcher Thread     ] DEBUG AppStateMachine      - Initializing application states
20:36:03.958 [FXGL Launcher Thread     ] DEBUG FXGLAssetLoader      - Loading from disk: /assets/ui/cursors/fxgl_default.png
20:36:03.961 [FXGL Launcher Thread     ] DEBUG FXGLAssetLoader      - Loading from disk: /assets/ui/cursors/fxgl_default.png
20:36:03.992 [FXGL Launcher Thread     ] DEBUG GameWorld            - Game world initialized
20:36:04.033 [FXGL Launcher Thread     ] DEBUG PhysicsWorld         - Physics world initialized: appHeight=840, physics.ppm=50.0
20:36:04.039 [FXGL Launcher Thread     ] DEBUG FXGLAssetLoader      - Loading from disk: /assets/ui/cursors/fxgl_default.png
20:36:04.055 [FXGL Launcher Thread     ] DEBUG GameScene            - Game scene initialized: 960x840
20:36:04.072 [FXGL Launcher Thread     ] DEBUG Input                - Registered new binding: Pause - Esc
20:36:04.079 [FXGL Launcher Thread     ] INFO  GameApplication      - Game configuration took:  0.124 sec
20:36:04.087 [JavaFX Application Thread] DEBUG FXGLDisplay          - Target size: DoubleProperty [value: 960.0] x DoubleProperty [value: 840.0] @ 1.0
20:36:04.088 [JavaFX Application Thread] DEBUG FXGLDisplay          - New size:    960.0 x 840.0 @ DoubleProperty [value: 1.0]
20:36:04.088 [JavaFX Application Thread] DEBUG FXGLDisplay          - Opening primary stage
20:36:04.119 [JavaFX Application Thread] DEBUG FXGLDisplay          - Stage shown
20:36:04.119 [JavaFX Application Thread] DEBUG FXGLDisplay          - Root size: 960.0x840.0
20:36:04.119 [JavaFX Application Thread] DEBUG FXGLDisplay          - Scene size: 960.0x840.0
20:36:04.119 [JavaFX Application Thread] DEBUG FXGLDisplay          - Stage size: 976.0x879.0
20:36:04.149 [JavaFX Application Thread] DEBUG GameApplication      - Running preInit()
20:36:04.151 [JavaFX Application Thread] DEBUG Input                - Registered new binding: Screenshot - P
20:36:04.152 [JavaFX Application Thread] DEBUG Input                - Registered new binding: Dev Options - CTRL+0
20:36:04.152 [JavaFX Application Thread] DEBUG Input                - Registered new binding: MOUSE CLICK - PRIMARY
20:36:04.187 [JavaFX Application Thread] DEBUG GameApplication      - Starting main loop
20:36:04.191 [JavaFX Application Thread] DEBUG StartupState         - STARTUP
20:36:04.191 [JavaFX Application Thread] DEBUG GameApplication      - Starting new game
20:36:04.191 [JavaFX Application Thread] DEBUG Input                - Clearing active input actions
20:36:04.191 [JavaFX Application Thread] DEBUG AppStateMachine      - StartupState -> LoadingState
20:36:04.263 [JavaFX Application Thread] DEBUG InitAppTask          - @AddCollisionHandler: []
20:36:04.263 [JavaFX Application Thread] DEBUG InitAppTask          - @SetEntityFactory: []
20:36:04.266 [FXGL Background Thread 1 ] DEBUG InitAppTask          - Clearing previous game
20:36:04.266 [FXGL Background Thread 1 ] DEBUG GameWorld            - Resetting game world
20:36:04.266 [FXGL Background Thread 1 ] DEBUG PhysicsWorld         - Resetting physics world
20:36:04.267 [FXGL Background Thread 1 ] DEBUG GameScene            - Resetting game scene
20:36:04.267 [FXGL Background Thread 1 ] DEBUG InitAppTask          - Initializing Assets
20:36:04.268 [FXGL Background Thread 1 ] DEBUG InitAppTask          - Initializing Game
20:36:04.286 [FXGL Background Thread 1 ] DEBUG GameScene            - Creating render group for layer: top(100)
20:36:04.308 [FXGL Background Thread 1 ] DEBUG GameScene            - Creating render group for layer: background(0)
20:36:04.312 [FXGL Background Thread 1 ] DEBUG InitAppTask          - Initializing Physics
20:36:04.312 [FXGL Background Thread 1 ] DEBUG InitAppTask          - Initializing UI
20:36:04.320 [FXGL Background Thread 1 ] DEBUG GameScene            - Creating render group for layer: bottom(1)
20:36:04.323 [FXGL Background Thread 1 ] DEBUG InitAppTask          - Initialization Complete
20:36:04.324 [FXGL Background Thread 1 ] INFO  InitAppTask          - Game initialization took: 0.058 sec
20:36:04.351 [JavaFX Application Thread] DEBUG Input                - Clearing active input actions
20:36:04.351 [JavaFX Application Thread] DEBUG AppStateMachine      - LoadingState -> PlayState
