14:04:30.655 [FXGL Launcher Thread     ] DEBUG FXGL                 - FXGL logger initialized
14:04:30.658 [FXGL Launcher Thread     ] DEBUG FXGL                 - Service <<AudioPlayer>> initialized
14:04:30.659 [FXGL Launcher Thread     ] DEBUG FXGLAssetLoader      - Asset cacheSize=35
14:04:30.659 [FXGL Launcher Thread     ] DEBUG FXGL                 - Service <<AssetLoader>> initialized
14:04:30.660 [FXGL Launcher Thread     ] DEBUG FXGL                 - Service <<EventBus>> initialized
14:04:30.662 [FXGL Launcher Thread     ] DEBUG FXGLAssetLoader      - Loading from disk: /assets/ui/cursors/fxgl_default.png
14:04:30.677 [FXGL Launcher Thread     ] DEBUG FXGLAssetLoader      - Loading from disk: /assets/sounds/core/notification.wav
14:04:30.693 [FXGL Launcher Thread     ] DEBUG FXGLAssetLoader      - Loading from disk: /assets/sounds/menu/select.wav
14:04:30.694 [FXGL Launcher Thread     ] DEBUG FXGLAssetLoader      - Loading from disk: /assets/sounds/menu/back.wav
14:04:30.696 [FXGL Launcher Thread     ] DEBUG FXGLAssetLoader      - Loading from disk: /assets/sounds/menu/press.wav
14:04:30.698 [FXGL Launcher Thread     ] DEBUG FXGLAssetLoader      - Loading from disk: /assets/ui/fonts/Copperplate_Gothic_Light_Regular.ttf
14:04:30.886 [FXGL Launcher Thread     ] DEBUG FXGLAssetLoader      - Loading from disk: /assets/ui/fonts/lucida_console.ttf
14:04:30.907 [FXGL Launcher Thread     ] DEBUG FXGLAssetLoader      - Loading from disk: /assets/ui/css/fxgl_dark.css
14:04:30.907 [FXGL Launcher Thread     ] DEBUG FXGLAssetLoader      - Loading from disk: /assets/ui/icons/fxgl_icon.png
14:04:30.920 [FXGL Launcher Thread     ] DEBUG FXGLDisplay          - Using CSS: CSS(externalForm=jar:file:/C:/Users/lukel/Documents/Programming/PacmanLevelEditor/lib/fxgl-0.3.4-uber.jar!/assets/ui/css/fxgl_dark.css)
14:04:30.921 [FXGL Launcher Thread     ] DEBUG FXGL                 - Service <<Display>> initialized
14:04:30.923 [FXGL Launcher Thread     ] DEBUG FXGL                 - Service <<Executor>> initialized
14:04:30.930 [FXGL Launcher Thread     ] DEBUG FXGL                 - Service <<NotificationService>> initialized
14:04:30.931 [FXGL Launcher Thread     ] DEBUG FXGL                 - Service <<Net>> initialized
14:04:30.947 [FXGL Launcher Thread     ] DEBUG FXGL                 - Service <<Gameplay>> initialized
14:04:30.953 [FXGL Launcher Thread     ] DEBUG FXGLPooler           - Default pool size for objects = 128
14:04:30.953 [FXGL Launcher Thread     ] DEBUG FXGL                 - Service <<Pooler>> initialized
14:04:30.954 [FXGL Launcher Thread     ] DEBUG FXGL                 - Service <<ExceptionHandler>> initialized
14:04:30.954 [FXGL Launcher Thread     ] DEBUG FXGL                 - Service <<UIFactory>> initialized
14:04:30.954 [FXGL Launcher Thread     ] DEBUG FXGL                 - Service <<DialogFactory>> initialized
14:04:30.954 [FXGL Launcher Thread     ] DEBUG FXGL                 - Service <<SceneFactory>> initialized
14:04:30.954 [FXGL Launcher Thread     ] DEBUG FXGL                 - Loading FXGL system data
14:04:30.958 [FXGL Launcher Thread     ] DEBUG IOTask               - Executing task: readDataTask(system/fxgl.bundle)
14:04:30.960 [FXGL Launcher Thread     ] DEBUG FS                   - Reading from: system\fxgl.bundle
14:04:30.969 [FXGL Launcher Thread     ] DEBUG IOTask               - Task succeeded: readDataTask(system/fxgl.bundle)
14:04:30.969 [FXGL Launcher Thread     ] DEBUG Bundle               - Logging bundle: FXGL
14:04:30.970 [FXGL Launcher Thread     ] DEBUG Bundle               - FXGL.offline.timer.version.check=2017-07-07T13:55:42.302
14:04:30.970 [FXGL Launcher Thread     ] DEBUG GameApplication      - FXGL configuration complete
14:04:30.970 [FXGL Launcher Thread     ] INFO  GameApplication      - FXGL configuration took:  0.778 sec
14:04:30.971 [FXGL Launcher Thread     ] DEBUG GameApplication      - Logging game settings
Title: Pacman Level Editor
Version: 0.1
Width: 960
Height: 840
Fullscreen: false
Intro: false
Menus: false
Profiling: false
App Mode: DEVELOPER
Menu Style: FXGL_DEFAULT
Menu Key: ESCAPE
Services: []
14:04:30.982 [FXGL Launcher Thread     ] DEBUG GameApplication      - Configuring GameApplication
14:04:30.982 [FXGL Launcher Thread     ] DEBUG AppStateMachine      - Initializing application states
14:04:30.984 [FXGL Launcher Thread     ] DEBUG FXGLAssetLoader      - Loading from disk: /assets/ui/cursors/fxgl_default.png
14:04:30.988 [FXGL Launcher Thread     ] DEBUG FXGLAssetLoader      - Loading from disk: /assets/ui/cursors/fxgl_default.png
14:04:31.030 [FXGL Launcher Thread     ] DEBUG GameWorld            - Game world initialized
14:04:31.063 [FXGL Launcher Thread     ] DEBUG PhysicsWorld         - Physics world initialized: appHeight=840, physics.ppm=50.0
14:04:31.070 [FXGL Launcher Thread     ] DEBUG FXGLAssetLoader      - Loading from disk: /assets/ui/cursors/fxgl_default.png
14:04:31.087 [FXGL Launcher Thread     ] DEBUG GameScene            - Game scene initialized: 960x840
14:04:31.104 [FXGL Launcher Thread     ] DEBUG Input                - Registered new binding: Pause - Esc
14:04:31.113 [FXGL Launcher Thread     ] INFO  GameApplication      - Game configuration took:  0.132 sec
14:04:31.126 [JavaFX Application Thread] DEBUG FXGLDisplay          - Target size: DoubleProperty [value: 960.0] x DoubleProperty [value: 840.0] @ 1.0
14:04:31.126 [JavaFX Application Thread] DEBUG FXGLDisplay          - New size:    960.0 x 840.0 @ DoubleProperty [value: 1.0]
14:04:31.126 [JavaFX Application Thread] DEBUG FXGLDisplay          - Opening primary stage
14:04:31.159 [JavaFX Application Thread] DEBUG FXGLDisplay          - Stage shown
14:04:31.159 [JavaFX Application Thread] DEBUG FXGLDisplay          - Root size: 960.0x840.0
14:04:31.159 [JavaFX Application Thread] DEBUG FXGLDisplay          - Scene size: 960.0x840.0
14:04:31.159 [JavaFX Application Thread] DEBUG FXGLDisplay          - Stage size: 976.0x879.0
14:04:31.188 [JavaFX Application Thread] DEBUG GameApplication      - Running preInit()
14:04:31.190 [JavaFX Application Thread] DEBUG Input                - Registered new binding: Screenshot - P
14:04:31.191 [JavaFX Application Thread] DEBUG Input                - Registered new binding: Dev Options - CTRL+0
14:04:31.192 [JavaFX Application Thread] DEBUG Input                - Registered new binding: MOUSE CLICK - PRIMARY
14:04:31.238 [JavaFX Application Thread] DEBUG GameApplication      - Starting main loop
14:04:31.241 [JavaFX Application Thread] DEBUG StartupState         - STARTUP
14:04:31.241 [JavaFX Application Thread] DEBUG GameApplication      - Starting new game
14:04:31.242 [JavaFX Application Thread] DEBUG Input                - Clearing active input actions
14:04:31.242 [JavaFX Application Thread] DEBUG AppStateMachine      - StartupState -> LoadingState
14:04:31.401 [JavaFX Application Thread] DEBUG InitAppTask          - @SetEntityFactory: []
14:04:31.401 [JavaFX Application Thread] DEBUG InitAppTask          - @AddCollisionHandler: []
14:04:31.435 [FXGL Background Thread 1 ] DEBUG InitAppTask          - Clearing previous game
14:04:31.435 [FXGL Background Thread 1 ] DEBUG GameWorld            - Resetting game world
14:04:31.436 [FXGL Background Thread 1 ] DEBUG PhysicsWorld         - Resetting physics world
14:04:31.436 [FXGL Background Thread 1 ] DEBUG GameScene            - Resetting game scene
14:04:31.436 [FXGL Background Thread 1 ] DEBUG InitAppTask          - Initializing Assets
14:04:31.438 [FXGL Background Thread 1 ] DEBUG InitAppTask          - Initializing Game
14:04:31.462 [FXGL Background Thread 1 ] DEBUG GameScene            - Creating render group for layer: top(100)
14:04:31.486 [FXGL Background Thread 1 ] DEBUG GameScene            - Creating render group for layer: bottom(1)
14:04:31.511 [FXGL Background Thread 1 ] DEBUG GameScene            - Creating render group for layer: background(0)
14:04:31.511 [FXGL Background Thread 1 ] DEBUG InitAppTask          - Initializing Physics
14:04:31.511 [FXGL Background Thread 1 ] DEBUG InitAppTask          - Initializing UI
14:04:31.526 [FXGL Background Thread 1 ] DEBUG InitAppTask          - Initialization Complete
14:04:31.526 [FXGL Background Thread 1 ] INFO  InitAppTask          - Game initialization took: 0.091 sec
14:04:31.527 [JavaFX Application Thread] DEBUG Input                - Clearing active input actions
14:04:31.527 [JavaFX Application Thread] DEBUG AppStateMachine      - LoadingState -> PlayState
14:04:44.889 [JavaFX Application Thread] DEBUG FXGLEventBus         - Firing event: DisplayEvent[type=CLOSE_REQUEST]
14:04:44.890 [JavaFX Application Thread] DEBUG GameApplication      - Exiting FXGL application
14:04:44.891 [JavaFX Application Thread] DEBUG FXGL                 - Saving FXGL system data
14:04:44.892 [JavaFX Application Thread] DEBUG IOTask               - Executing task: writeDataTask(system/fxgl.bundle)
14:04:44.894 [JavaFX Application Thread] DEBUG FS                   - Writing to: system\fxgl.bundle
14:04:44.897 [JavaFX Application Thread] DEBUG IOTask               - Task succeeded: writeDataTask(system/fxgl.bundle)
14:04:44.897 [JavaFX Application Thread] DEBUG GameApplication      - Closing FXGL logger and exiting JavaFX
