20:39:35.746 [FXGL Launcher Thread     ] DEBUG FXGL                 - FXGL logger initialized
20:39:35.748 [FXGL Launcher Thread     ] DEBUG FXGL                 - Service <<AudioPlayer>> initialized
20:39:35.749 [FXGL Launcher Thread     ] DEBUG FXGLAssetLoader      - Asset cacheSize=35
20:39:35.750 [FXGL Launcher Thread     ] DEBUG FXGL                 - Service <<AssetLoader>> initialized
20:39:35.751 [FXGL Launcher Thread     ] DEBUG FXGL                 - Service <<EventBus>> initialized
20:39:35.753 [FXGL Launcher Thread     ] DEBUG FXGLAssetLoader      - Loading from disk: /assets/ui/cursors/fxgl_default.png
20:39:35.766 [FXGL Launcher Thread     ] DEBUG FXGLAssetLoader      - Loading from disk: /assets/sounds/core/notification.wav
20:39:35.783 [FXGL Launcher Thread     ] DEBUG FXGLAssetLoader      - Loading from disk: /assets/sounds/menu/select.wav
20:39:35.784 [FXGL Launcher Thread     ] DEBUG FXGLAssetLoader      - Loading from disk: /assets/sounds/menu/back.wav
20:39:35.786 [FXGL Launcher Thread     ] DEBUG FXGLAssetLoader      - Loading from disk: /assets/sounds/menu/press.wav
20:39:35.788 [FXGL Launcher Thread     ] DEBUG FXGLAssetLoader      - Loading from disk: /assets/ui/fonts/Copperplate_Gothic_Light_Regular.ttf
20:39:35.847 [FXGL Launcher Thread     ] DEBUG FXGLAssetLoader      - Loading from disk: /assets/ui/fonts/lucida_console.ttf
20:39:35.860 [FXGL Launcher Thread     ] DEBUG FXGLAssetLoader      - Loading from disk: /assets/ui/css/fxgl_dark.css
20:39:35.860 [FXGL Launcher Thread     ] DEBUG FXGLAssetLoader      - Loading from disk: /assets/ui/icons/fxgl_icon.png
20:39:35.873 [FXGL Launcher Thread     ] DEBUG FXGLDisplay          - Using CSS: CSS(externalForm=jar:file:/C:/Users/lukel/Documents/Programming/PacmanLevelEditor/lib/fxgl-0.3.4-uber.jar!/assets/ui/css/fxgl_dark.css)
20:39:35.874 [FXGL Launcher Thread     ] DEBUG FXGL                 - Service <<Display>> initialized
20:39:35.876 [FXGL Launcher Thread     ] DEBUG FXGL                 - Service <<Executor>> initialized
20:39:35.881 [FXGL Launcher Thread     ] DEBUG FXGL                 - Service <<NotificationService>> initialized
20:39:35.882 [FXGL Launcher Thread     ] DEBUG FXGL                 - Service <<Net>> initialized
20:39:35.891 [FXGL Launcher Thread     ] DEBUG FXGL                 - Service <<Gameplay>> initialized
20:39:35.896 [FXGL Launcher Thread     ] DEBUG FXGLPooler           - Default pool size for objects = 128
20:39:35.896 [FXGL Launcher Thread     ] DEBUG FXGL                 - Service <<Pooler>> initialized
20:39:35.896 [FXGL Launcher Thread     ] DEBUG FXGL                 - Service <<ExceptionHandler>> initialized
20:39:35.896 [FXGL Launcher Thread     ] DEBUG FXGL                 - Service <<UIFactory>> initialized
20:39:35.897 [FXGL Launcher Thread     ] DEBUG FXGL                 - Service <<DialogFactory>> initialized
20:39:35.897 [FXGL Launcher Thread     ] DEBUG FXGL                 - Service <<SceneFactory>> initialized
20:39:35.897 [FXGL Launcher Thread     ] DEBUG FXGL                 - Loading FXGL system data
20:39:35.901 [FXGL Launcher Thread     ] DEBUG IOTask               - Executing task: readDataTask(system/fxgl.bundle)
20:39:35.904 [FXGL Launcher Thread     ] DEBUG FS                   - Reading from: system\fxgl.bundle
20:39:35.914 [FXGL Launcher Thread     ] DEBUG IOTask               - Task succeeded: readDataTask(system/fxgl.bundle)
20:39:35.914 [FXGL Launcher Thread     ] DEBUG Bundle               - Logging bundle: FXGL
20:39:35.914 [FXGL Launcher Thread     ] DEBUG Bundle               - FXGL.offline.timer.version.check=2017-07-07T13:55:42.302
20:39:35.915 [FXGL Launcher Thread     ] DEBUG GameApplication      - FXGL configuration complete
20:39:35.915 [FXGL Launcher Thread     ] INFO  GameApplication      - FXGL configuration took:  0.621 sec
20:39:35.915 [FXGL Launcher Thread     ] DEBUG GameApplication      - Logging game settings
Title: Pacman Level Editor
Version: 0.1
Width: 960
Height: 840
Fullscreen: false
Intro: false
Menus: false
Profiling: false
App Mode: DEVELOPER
Menu Style: FXGL_DEFAULT
Menu Key: ESCAPE
Services: []
20:39:35.925 [FXGL Launcher Thread     ] DEBUG GameApplication      - Configuring GameApplication
20:39:35.926 [FXGL Launcher Thread     ] DEBUG AppStateMachine      - Initializing application states
20:39:35.928 [FXGL Launcher Thread     ] DEBUG FXGLAssetLoader      - Loading from disk: /assets/ui/cursors/fxgl_default.png
20:39:35.931 [FXGL Launcher Thread     ] DEBUG FXGLAssetLoader      - Loading from disk: /assets/ui/cursors/fxgl_default.png
20:39:35.973 [FXGL Launcher Thread     ] DEBUG GameWorld            - Game world initialized
20:39:36.011 [FXGL Launcher Thread     ] DEBUG PhysicsWorld         - Physics world initialized: appHeight=840, physics.ppm=50.0
20:39:36.018 [FXGL Launcher Thread     ] DEBUG FXGLAssetLoader      - Loading from disk: /assets/ui/cursors/fxgl_default.png
20:39:36.034 [FXGL Launcher Thread     ] DEBUG GameScene            - Game scene initialized: 960x840
20:39:36.052 [FXGL Launcher Thread     ] DEBUG Input                - Registered new binding: Pause - Esc
20:39:36.061 [FXGL Launcher Thread     ] INFO  GameApplication      - Game configuration took:  0.135 sec
20:39:36.064 [JavaFX Application Thread] DEBUG FXGLDisplay          - Target size: DoubleProperty [value: 960.0] x DoubleProperty [value: 840.0] @ 1.0
20:39:36.064 [JavaFX Application Thread] DEBUG FXGLDisplay          - New size:    960.0 x 840.0 @ DoubleProperty [value: 1.0]
20:39:36.064 [JavaFX Application Thread] DEBUG FXGLDisplay          - Opening primary stage
20:39:36.085 [JavaFX Application Thread] DEBUG FXGLDisplay          - Stage shown
20:39:36.085 [JavaFX Application Thread] DEBUG FXGLDisplay          - Root size: 960.0x840.0
20:39:36.086 [JavaFX Application Thread] DEBUG FXGLDisplay          - Scene size: 960.0x840.0
20:39:36.086 [JavaFX Application Thread] DEBUG FXGLDisplay          - Stage size: 976.0x879.0
20:39:36.115 [JavaFX Application Thread] DEBUG GameApplication      - Running preInit()
20:39:36.117 [JavaFX Application Thread] DEBUG Input                - Registered new binding: Screenshot - P
20:39:36.117 [JavaFX Application Thread] DEBUG Input                - Registered new binding: Dev Options - CTRL+0
20:39:36.118 [JavaFX Application Thread] DEBUG Input                - Registered new binding: MOUSE CLICK - PRIMARY
20:39:36.153 [JavaFX Application Thread] DEBUG GameApplication      - Starting main loop
20:39:36.155 [JavaFX Application Thread] DEBUG StartupState         - STARTUP
20:39:36.155 [JavaFX Application Thread] DEBUG GameApplication      - Starting new game
20:39:36.156 [JavaFX Application Thread] DEBUG Input                - Clearing active input actions
20:39:36.156 [JavaFX Application Thread] DEBUG AppStateMachine      - StartupState -> LoadingState
20:39:36.307 [JavaFX Application Thread] DEBUG InitAppTask          - @SetEntityFactory: []
20:39:36.307 [JavaFX Application Thread] DEBUG InitAppTask          - @AddCollisionHandler: []
20:39:36.310 [FXGL Background Thread 1 ] DEBUG InitAppTask          - Clearing previous game
20:39:36.310 [FXGL Background Thread 1 ] DEBUG GameWorld            - Resetting game world
20:39:36.311 [FXGL Background Thread 1 ] DEBUG PhysicsWorld         - Resetting physics world
20:39:36.311 [FXGL Background Thread 1 ] DEBUG GameScene            - Resetting game scene
20:39:36.311 [FXGL Background Thread 1 ] DEBUG InitAppTask          - Initializing Assets
20:39:36.311 [FXGL Background Thread 1 ] DEBUG InitAppTask          - Initializing Game
20:39:36.330 [FXGL Background Thread 1 ] DEBUG GameScene            - Creating render group for layer: top(100)
20:39:36.352 [FXGL Background Thread 1 ] DEBUG GameScene            - Creating render group for layer: background(0)
20:39:36.355 [FXGL Background Thread 1 ] DEBUG InitAppTask          - Initializing Physics
20:39:36.355 [FXGL Background Thread 1 ] DEBUG InitAppTask          - Initializing UI
20:39:36.363 [FXGL Background Thread 1 ] DEBUG GameScene            - Creating render group for layer: bottom(1)
20:39:36.367 [FXGL Background Thread 1 ] DEBUG InitAppTask          - Initialization Complete
20:39:36.367 [FXGL Background Thread 1 ] INFO  InitAppTask          - Game initialization took: 0.058 sec
20:39:36.385 [JavaFX Application Thread] DEBUG Input                - Clearing active input actions
20:39:36.385 [JavaFX Application Thread] DEBUG AppStateMachine      - LoadingState -> PlayState
20:42:14.228 [JavaFX Application Thread] DEBUG FXGLEventBus         - Firing event: DisplayEvent[type=CLOSE_REQUEST]
20:42:14.229 [JavaFX Application Thread] DEBUG GameApplication      - Exiting FXGL application
20:42:14.229 [JavaFX Application Thread] DEBUG FXGL                 - Saving FXGL system data
20:42:14.230 [JavaFX Application Thread] DEBUG IOTask               - Executing task: writeDataTask(system/fxgl.bundle)
20:42:14.232 [JavaFX Application Thread] DEBUG FS                   - Writing to: system\fxgl.bundle
20:42:14.235 [JavaFX Application Thread] DEBUG IOTask               - Task succeeded: writeDataTask(system/fxgl.bundle)
20:42:14.235 [JavaFX Application Thread] DEBUG GameApplication      - Closing FXGL logger and exiting JavaFX
