15:53:15.663 [FXGL Launcher Thread     ] DEBUG FXGL                 - FXGL logger initialized
15:53:15.666 [FXGL Launcher Thread     ] DEBUG FXGL                 - Service <<AudioPlayer>> initialized
15:53:15.667 [FXGL Launcher Thread     ] DEBUG FXGLAssetLoader      - Asset cacheSize=35
15:53:15.667 [FXGL Launcher Thread     ] DEBUG FXGL                 - Service <<AssetLoader>> initialized
15:53:15.668 [FXGL Launcher Thread     ] DEBUG FXGL                 - Service <<EventBus>> initialized
15:53:15.670 [FXGL Launcher Thread     ] DEBUG FXGLAssetLoader      - Loading from disk: /assets/ui/cursors/fxgl_default.png
15:53:15.684 [FXGL Launcher Thread     ] DEBUG FXGLAssetLoader      - Loading from disk: /assets/sounds/core/notification.wav
15:53:15.701 [FXGL Launcher Thread     ] DEBUG FXGLAssetLoader      - Loading from disk: /assets/sounds/menu/select.wav
15:53:15.702 [FXGL Launcher Thread     ] DEBUG FXGLAssetLoader      - Loading from disk: /assets/sounds/menu/back.wav
15:53:15.704 [FXGL Launcher Thread     ] DEBUG FXGLAssetLoader      - Loading from disk: /assets/sounds/menu/press.wav
15:53:15.705 [FXGL Launcher Thread     ] DEBUG FXGLAssetLoader      - Loading from disk: /assets/ui/fonts/Copperplate_Gothic_Light_Regular.ttf
15:53:15.782 [FXGL Launcher Thread     ] DEBUG FXGLAssetLoader      - Loading from disk: /assets/ui/fonts/lucida_console.ttf
15:53:15.794 [FXGL Launcher Thread     ] DEBUG FXGLAssetLoader      - Loading from disk: /assets/ui/css/fxgl_dark.css
15:53:15.794 [FXGL Launcher Thread     ] DEBUG FXGLAssetLoader      - Loading from disk: /assets/ui/icons/fxgl_icon.png
15:53:15.806 [FXGL Launcher Thread     ] DEBUG FXGLDisplay          - Using CSS: CSS(externalForm=jar:file:/C:/Users/lukel/Documents/Programming/PacmanLevelEditor/lib/fxgl-0.3.4-uber.jar!/assets/ui/css/fxgl_dark.css)
15:53:15.807 [FXGL Launcher Thread     ] DEBUG FXGL                 - Service <<Display>> initialized
15:53:15.809 [FXGL Launcher Thread     ] DEBUG FXGL                 - Service <<Executor>> initialized
15:53:15.814 [FXGL Launcher Thread     ] DEBUG FXGL                 - Service <<NotificationService>> initialized
15:53:15.815 [FXGL Launcher Thread     ] DEBUG FXGL                 - Service <<Net>> initialized
15:53:15.825 [FXGL Launcher Thread     ] DEBUG FXGL                 - Service <<Gameplay>> initialized
15:53:15.829 [FXGL Launcher Thread     ] DEBUG FXGLPooler           - Default pool size for objects = 128
15:53:15.829 [FXGL Launcher Thread     ] DEBUG FXGL                 - Service <<Pooler>> initialized
15:53:15.830 [FXGL Launcher Thread     ] DEBUG FXGL                 - Service <<ExceptionHandler>> initialized
15:53:15.830 [FXGL Launcher Thread     ] DEBUG FXGL                 - Service <<UIFactory>> initialized
15:53:15.830 [FXGL Launcher Thread     ] DEBUG FXGL                 - Service <<DialogFactory>> initialized
15:53:15.830 [FXGL Launcher Thread     ] DEBUG FXGL                 - Service <<SceneFactory>> initialized
15:53:15.830 [FXGL Launcher Thread     ] DEBUG FXGL                 - Loading FXGL system data
15:53:15.835 [FXGL Launcher Thread     ] DEBUG IOTask               - Executing task: readDataTask(system/fxgl.bundle)
15:53:15.838 [FXGL Launcher Thread     ] DEBUG FS                   - Reading from: system\fxgl.bundle
15:53:15.848 [FXGL Launcher Thread     ] DEBUG IOTask               - Task succeeded: readDataTask(system/fxgl.bundle)
15:53:15.848 [FXGL Launcher Thread     ] DEBUG Bundle               - Logging bundle: FXGL
15:53:15.849 [FXGL Launcher Thread     ] DEBUG Bundle               - FXGL.offline.timer.version.check=2017-07-07T13:55:42.302
15:53:15.849 [FXGL Launcher Thread     ] DEBUG GameApplication      - FXGL configuration complete
15:53:15.849 [FXGL Launcher Thread     ] INFO  GameApplication      - FXGL configuration took:  0.620 sec
15:53:15.850 [FXGL Launcher Thread     ] DEBUG GameApplication      - Logging game settings
Title: Pacman Level Editor
Version: 0.1
Width: 960
Height: 840
Fullscreen: false
Intro: false
Menus: false
Profiling: false
App Mode: DEVELOPER
Menu Style: FXGL_DEFAULT
Menu Key: ESCAPE
Services: []
15:53:15.859 [FXGL Launcher Thread     ] DEBUG GameApplication      - Configuring GameApplication
15:53:15.860 [FXGL Launcher Thread     ] DEBUG AppStateMachine      - Initializing application states
15:53:15.862 [FXGL Launcher Thread     ] DEBUG FXGLAssetLoader      - Loading from disk: /assets/ui/cursors/fxgl_default.png
15:53:15.865 [FXGL Launcher Thread     ] DEBUG FXGLAssetLoader      - Loading from disk: /assets/ui/cursors/fxgl_default.png
15:53:15.900 [FXGL Launcher Thread     ] DEBUG GameWorld            - Game world initialized
15:53:15.930 [FXGL Launcher Thread     ] DEBUG PhysicsWorld         - Physics world initialized: appHeight=840, physics.ppm=50.0
15:53:15.936 [FXGL Launcher Thread     ] DEBUG FXGLAssetLoader      - Loading from disk: /assets/ui/cursors/fxgl_default.png
15:53:15.951 [FXGL Launcher Thread     ] DEBUG GameScene            - Game scene initialized: 960x840
15:53:15.968 [FXGL Launcher Thread     ] DEBUG Input                - Registered new binding: Pause - Esc
15:53:15.976 [FXGL Launcher Thread     ] INFO  GameApplication      - Game configuration took:  0.117 sec
15:53:15.979 [JavaFX Application Thread] DEBUG FXGLDisplay          - Target size: DoubleProperty [value: 960.0] x DoubleProperty [value: 840.0] @ 1.0
15:53:15.979 [JavaFX Application Thread] DEBUG FXGLDisplay          - New size:    960.0 x 840.0 @ DoubleProperty [value: 1.0]
15:53:15.979 [JavaFX Application Thread] DEBUG FXGLDisplay          - Opening primary stage
15:53:16.010 [JavaFX Application Thread] DEBUG FXGLDisplay          - Stage shown
15:53:16.010 [JavaFX Application Thread] DEBUG FXGLDisplay          - Root size: 960.0x840.0
15:53:16.011 [JavaFX Application Thread] DEBUG FXGLDisplay          - Scene size: 960.0x840.0
15:53:16.011 [JavaFX Application Thread] DEBUG FXGLDisplay          - Stage size: 976.0x879.0
15:53:16.043 [JavaFX Application Thread] DEBUG GameApplication      - Running preInit()
15:53:16.045 [JavaFX Application Thread] DEBUG Input                - Registered new binding: Screenshot - P
15:53:16.045 [JavaFX Application Thread] DEBUG Input                - Registered new binding: Dev Options - CTRL+0
15:53:16.046 [JavaFX Application Thread] DEBUG Input                - Registered new binding: MOUSE CLICK - PRIMARY
15:53:16.082 [JavaFX Application Thread] DEBUG GameApplication      - Starting main loop
15:53:16.084 [JavaFX Application Thread] DEBUG StartupState         - STARTUP
15:53:16.084 [JavaFX Application Thread] DEBUG GameApplication      - Starting new game
15:53:16.085 [JavaFX Application Thread] DEBUG Input                - Clearing active input actions
15:53:16.085 [JavaFX Application Thread] DEBUG AppStateMachine      - StartupState -> LoadingState
15:53:16.173 [JavaFX Application Thread] DEBUG InitAppTask          - @SetEntityFactory: []
15:53:16.173 [JavaFX Application Thread] DEBUG InitAppTask          - @AddCollisionHandler: []
15:53:16.177 [FXGL Background Thread 1 ] DEBUG InitAppTask          - Clearing previous game
15:53:16.178 [FXGL Background Thread 1 ] DEBUG GameWorld            - Resetting game world
15:53:16.179 [FXGL Background Thread 1 ] DEBUG PhysicsWorld         - Resetting physics world
15:53:16.179 [FXGL Background Thread 1 ] DEBUG GameScene            - Resetting game scene
15:53:16.179 [FXGL Background Thread 1 ] DEBUG InitAppTask          - Initializing Assets
15:53:16.180 [FXGL Background Thread 1 ] DEBUG InitAppTask          - Initializing Game
15:53:16.203 [FXGL Background Thread 1 ] DEBUG GameScene            - Creating render group for layer: top(100)
15:53:16.235 [FXGL Background Thread 1 ] DEBUG GameScene            - Creating render group for layer: bottom(1)
15:53:16.272 [FXGL Background Thread 1 ] DEBUG GameScene            - Creating render group for layer: background(0)
15:53:16.272 [FXGL Background Thread 1 ] DEBUG InitAppTask          - Initializing Physics
15:53:16.272 [FXGL Background Thread 1 ] DEBUG InitAppTask          - Initializing UI
15:53:16.289 [FXGL Background Thread 1 ] DEBUG InitAppTask          - Initialization Complete
15:53:16.290 [FXGL Background Thread 1 ] INFO  InitAppTask          - Game initialization took: 0.113 sec
15:53:16.291 [JavaFX Application Thread] DEBUG Input                - Clearing active input actions
15:53:16.291 [JavaFX Application Thread] DEBUG AppStateMachine      - LoadingState -> PlayState
15:53:24.784 [JavaFX Application Thread] DEBUG FXGLEventBus         - Firing event: DisplayEvent[type=CLOSE_REQUEST]
15:53:24.785 [JavaFX Application Thread] DEBUG GameApplication      - Exiting FXGL application
15:53:24.785 [JavaFX Application Thread] DEBUG FXGL                 - Saving FXGL system data
15:53:24.786 [JavaFX Application Thread] DEBUG IOTask               - Executing task: writeDataTask(system/fxgl.bundle)
15:53:24.788 [JavaFX Application Thread] DEBUG FS                   - Writing to: system\fxgl.bundle
15:53:24.791 [JavaFX Application Thread] DEBUG IOTask               - Task succeeded: writeDataTask(system/fxgl.bundle)
15:53:24.791 [JavaFX Application Thread] DEBUG GameApplication      - Closing FXGL logger and exiting JavaFX
