20:38:02.144 [FXGL Launcher Thread     ] DEBUG FXGL                 - FXGL logger initialized
20:38:02.146 [FXGL Launcher Thread     ] DEBUG FXGL                 - Service <<AudioPlayer>> initialized
20:38:02.147 [FXGL Launcher Thread     ] DEBUG FXGLAssetLoader      - Asset cacheSize=35
20:38:02.148 [FXGL Launcher Thread     ] DEBUG FXGL                 - Service <<AssetLoader>> initialized
20:38:02.148 [FXGL Launcher Thread     ] DEBUG FXGL                 - Service <<EventBus>> initialized
20:38:02.150 [FXGL Launcher Thread     ] DEBUG FXGLAssetLoader      - Loading from disk: /assets/ui/cursors/fxgl_default.png
20:38:02.165 [FXGL Launcher Thread     ] DEBUG FXGLAssetLoader      - Loading from disk: /assets/sounds/core/notification.wav
20:38:02.181 [FXGL Launcher Thread     ] DEBUG FXGLAssetLoader      - Loading from disk: /assets/sounds/menu/select.wav
20:38:02.182 [FXGL Launcher Thread     ] DEBUG FXGLAssetLoader      - Loading from disk: /assets/sounds/menu/back.wav
20:38:02.184 [FXGL Launcher Thread     ] DEBUG FXGLAssetLoader      - Loading from disk: /assets/sounds/menu/press.wav
20:38:02.186 [FXGL Launcher Thread     ] DEBUG FXGLAssetLoader      - Loading from disk: /assets/ui/fonts/Copperplate_Gothic_Light_Regular.ttf
20:38:02.263 [FXGL Launcher Thread     ] DEBUG FXGLAssetLoader      - Loading from disk: /assets/ui/fonts/lucida_console.ttf
20:38:02.275 [FXGL Launcher Thread     ] DEBUG FXGLAssetLoader      - Loading from disk: /assets/ui/css/fxgl_dark.css
20:38:02.276 [FXGL Launcher Thread     ] DEBUG FXGLAssetLoader      - Loading from disk: /assets/ui/icons/fxgl_icon.png
20:38:02.288 [FXGL Launcher Thread     ] DEBUG FXGLDisplay          - Using CSS: CSS(externalForm=jar:file:/C:/Users/lukel/Documents/Programming/PacmanLevelEditor/lib/fxgl-0.3.4-uber.jar!/assets/ui/css/fxgl_dark.css)
20:38:02.289 [FXGL Launcher Thread     ] DEBUG FXGL                 - Service <<Display>> initialized
20:38:02.290 [FXGL Launcher Thread     ] DEBUG FXGL                 - Service <<Executor>> initialized
20:38:02.296 [FXGL Launcher Thread     ] DEBUG FXGL                 - Service <<NotificationService>> initialized
20:38:02.297 [FXGL Launcher Thread     ] DEBUG FXGL                 - Service <<Net>> initialized
20:38:02.312 [FXGL Launcher Thread     ] DEBUG FXGL                 - Service <<Gameplay>> initialized
20:38:02.316 [FXGL Launcher Thread     ] DEBUG FXGLPooler           - Default pool size for objects = 128
20:38:02.316 [FXGL Launcher Thread     ] DEBUG FXGL                 - Service <<Pooler>> initialized
20:38:02.317 [FXGL Launcher Thread     ] DEBUG FXGL                 - Service <<ExceptionHandler>> initialized
20:38:02.317 [FXGL Launcher Thread     ] DEBUG FXGL                 - Service <<UIFactory>> initialized
20:38:02.317 [FXGL Launcher Thread     ] DEBUG FXGL                 - Service <<DialogFactory>> initialized
20:38:02.317 [FXGL Launcher Thread     ] DEBUG FXGL                 - Service <<SceneFactory>> initialized
20:38:02.317 [FXGL Launcher Thread     ] DEBUG FXGL                 - Loading FXGL system data
20:38:02.320 [FXGL Launcher Thread     ] DEBUG IOTask               - Executing task: readDataTask(system/fxgl.bundle)
20:38:02.322 [FXGL Launcher Thread     ] DEBUG FS                   - Reading from: system\fxgl.bundle
20:38:02.329 [FXGL Launcher Thread     ] DEBUG IOTask               - Task succeeded: readDataTask(system/fxgl.bundle)
20:38:02.329 [FXGL Launcher Thread     ] DEBUG Bundle               - Logging bundle: FXGL
20:38:02.330 [FXGL Launcher Thread     ] DEBUG Bundle               - FXGL.offline.timer.version.check=2017-07-07T13:55:42.302
20:38:02.330 [FXGL Launcher Thread     ] DEBUG GameApplication      - FXGL configuration complete
20:38:02.330 [FXGL Launcher Thread     ] INFO  GameApplication      - FXGL configuration took:  0.605 sec
20:38:02.331 [FXGL Launcher Thread     ] DEBUG GameApplication      - Logging game settings
Title: Pacman Level Editor
Version: 0.1
Width: 960
Height: 840
Fullscreen: false
Intro: false
Menus: false
Profiling: false
App Mode: DEVELOPER
Menu Style: FXGL_DEFAULT
Menu Key: ESCAPE
Services: []
20:38:02.346 [FXGL Launcher Thread     ] DEBUG GameApplication      - Configuring GameApplication
20:38:02.347 [FXGL Launcher Thread     ] DEBUG AppStateMachine      - Initializing application states
20:38:02.349 [FXGL Launcher Thread     ] DEBUG FXGLAssetLoader      - Loading from disk: /assets/ui/cursors/fxgl_default.png
20:38:02.352 [FXGL Launcher Thread     ] DEBUG FXGLAssetLoader      - Loading from disk: /assets/ui/cursors/fxgl_default.png
20:38:02.394 [FXGL Launcher Thread     ] DEBUG GameWorld            - Game world initialized
20:38:02.426 [FXGL Launcher Thread     ] DEBUG PhysicsWorld         - Physics world initialized: appHeight=840, physics.ppm=50.0
20:38:02.432 [FXGL Launcher Thread     ] DEBUG FXGLAssetLoader      - Loading from disk: /assets/ui/cursors/fxgl_default.png
20:38:02.448 [FXGL Launcher Thread     ] DEBUG GameScene            - Game scene initialized: 960x840
20:38:02.464 [FXGL Launcher Thread     ] DEBUG Input                - Registered new binding: Pause - Esc
20:38:02.472 [FXGL Launcher Thread     ] INFO  GameApplication      - Game configuration took:  0.126 sec
20:38:02.476 [JavaFX Application Thread] DEBUG FXGLDisplay          - Target size: DoubleProperty [value: 960.0] x DoubleProperty [value: 840.0] @ 1.0
20:38:02.476 [JavaFX Application Thread] DEBUG FXGLDisplay          - New size:    960.0 x 840.0 @ DoubleProperty [value: 1.0]
20:38:02.476 [JavaFX Application Thread] DEBUG FXGLDisplay          - Opening primary stage
20:38:02.508 [JavaFX Application Thread] DEBUG FXGLDisplay          - Stage shown
20:38:02.508 [JavaFX Application Thread] DEBUG FXGLDisplay          - Root size: 960.0x840.0
20:38:02.509 [JavaFX Application Thread] DEBUG FXGLDisplay          - Scene size: 960.0x840.0
20:38:02.509 [JavaFX Application Thread] DEBUG FXGLDisplay          - Stage size: 976.0x879.0
20:38:02.537 [JavaFX Application Thread] DEBUG GameApplication      - Running preInit()
20:38:02.539 [JavaFX Application Thread] DEBUG Input                - Registered new binding: Screenshot - P
20:38:02.540 [JavaFX Application Thread] DEBUG Input                - Registered new binding: Dev Options - CTRL+0
20:38:02.540 [JavaFX Application Thread] DEBUG Input                - Registered new binding: MOUSE CLICK - PRIMARY
20:38:02.576 [JavaFX Application Thread] DEBUG GameApplication      - Starting main loop
20:38:02.580 [JavaFX Application Thread] DEBUG StartupState         - STARTUP
20:38:02.580 [JavaFX Application Thread] DEBUG GameApplication      - Starting new game
20:38:02.581 [JavaFX Application Thread] DEBUG Input                - Clearing active input actions
20:38:02.581 [JavaFX Application Thread] DEBUG AppStateMachine      - StartupState -> LoadingState
20:38:02.659 [JavaFX Application Thread] DEBUG InitAppTask          - @AddCollisionHandler: []
20:38:02.659 [JavaFX Application Thread] DEBUG InitAppTask          - @SetEntityFactory: []
20:38:02.662 [FXGL Background Thread 1 ] DEBUG InitAppTask          - Clearing previous game
20:38:02.662 [FXGL Background Thread 1 ] DEBUG GameWorld            - Resetting game world
20:38:02.663 [FXGL Background Thread 1 ] DEBUG PhysicsWorld         - Resetting physics world
20:38:02.663 [FXGL Background Thread 1 ] DEBUG GameScene            - Resetting game scene
20:38:02.663 [FXGL Background Thread 1 ] DEBUG InitAppTask          - Initializing Assets
20:38:02.664 [FXGL Background Thread 1 ] DEBUG InitAppTask          - Initializing Game
20:38:02.684 [FXGL Background Thread 1 ] DEBUG GameScene            - Creating render group for layer: top(100)
20:38:02.707 [FXGL Background Thread 1 ] DEBUG GameScene            - Creating render group for layer: background(0)
20:38:02.711 [FXGL Background Thread 1 ] DEBUG InitAppTask          - Initializing Physics
20:38:02.711 [FXGL Background Thread 1 ] DEBUG InitAppTask          - Initializing UI
20:38:02.717 [FXGL Background Thread 1 ] DEBUG GameScene            - Creating render group for layer: bottom(1)
20:38:02.721 [FXGL Background Thread 1 ] DEBUG InitAppTask          - Initialization Complete
20:38:02.721 [FXGL Background Thread 1 ] INFO  InitAppTask          - Game initialization took: 0.059 sec
20:38:02.740 [JavaFX Application Thread] DEBUG Input                - Clearing active input actions
20:38:02.740 [JavaFX Application Thread] DEBUG AppStateMachine      - LoadingState -> PlayState
20:38:28.037 [JavaFX Application Thread] DEBUG FXGLEventBus         - Firing event: DisplayEvent[type=CLOSE_REQUEST]
20:38:28.037 [JavaFX Application Thread] DEBUG GameApplication      - Exiting FXGL application
20:38:28.038 [JavaFX Application Thread] DEBUG FXGL                 - Saving FXGL system data
20:38:28.039 [JavaFX Application Thread] DEBUG IOTask               - Executing task: writeDataTask(system/fxgl.bundle)
20:38:28.040 [JavaFX Application Thread] DEBUG FS                   - Writing to: system\fxgl.bundle
20:38:28.046 [JavaFX Application Thread] DEBUG IOTask               - Task succeeded: writeDataTask(system/fxgl.bundle)
20:38:28.046 [JavaFX Application Thread] DEBUG GameApplication      - Closing FXGL logger and exiting JavaFX
