11:29:07.733 [FXGL Launcher Thread     ] DEBUG FXGL                 - FXGL logger initialized
11:29:07.735 [FXGL Launcher Thread     ] DEBUG FXGL                 - Service <<AudioPlayer>> initialized
11:29:07.736 [FXGL Launcher Thread     ] DEBUG FXGLAssetLoader      - Asset cacheSize=35
11:29:07.736 [FXGL Launcher Thread     ] DEBUG FXGL                 - Service <<AssetLoader>> initialized
11:29:07.736 [FXGL Launcher Thread     ] DEBUG FXGL                 - Service <<EventBus>> initialized
11:29:07.738 [FXGL Launcher Thread     ] DEBUG FXGLAssetLoader      - Loading from disk: /assets/ui/cursors/fxgl_default.png
11:29:07.788 [FXGL Launcher Thread     ] DEBUG FXGLAssetLoader      - Loading from disk: /assets/sounds/core/notification.wav
11:29:07.893 [FXGL Launcher Thread     ] DEBUG FXGLAssetLoader      - Loading from disk: /assets/sounds/menu/select.wav
11:29:07.896 [FXGL Launcher Thread     ] DEBUG FXGLAssetLoader      - Loading from disk: /assets/sounds/menu/back.wav
11:29:07.899 [FXGL Launcher Thread     ] DEBUG FXGLAssetLoader      - Loading from disk: /assets/sounds/menu/press.wav
11:29:07.901 [FXGL Launcher Thread     ] DEBUG FXGLAssetLoader      - Loading from disk: /assets/ui/fonts/Copperplate_Gothic_Light_Regular.ttf
11:29:07.994 [FXGL Launcher Thread     ] DEBUG FXGLAssetLoader      - Loading from disk: /assets/ui/fonts/lucida_console.ttf
11:29:08.029 [FXGL Launcher Thread     ] DEBUG FXGLAssetLoader      - Loading from disk: /assets/ui/css/fxgl_dark.css
11:29:08.030 [FXGL Launcher Thread     ] DEBUG FXGLAssetLoader      - Loading from disk: /assets/ui/icons/fxgl_icon.png
11:29:08.043 [FXGL Launcher Thread     ] DEBUG FXGLDisplay          - Using CSS: CSS(externalForm=jar:file:/C:/Users/lukel/Documents/Programming/PacmanLevelEditor/lib/fxgl-0.3.4-uber.jar!/assets/ui/css/fxgl_dark.css)
11:29:08.044 [FXGL Launcher Thread     ] DEBUG FXGL                 - Service <<Display>> initialized
11:29:08.046 [FXGL Launcher Thread     ] DEBUG FXGL                 - Service <<Executor>> initialized
11:29:08.077 [FXGL Launcher Thread     ] DEBUG FXGL                 - Service <<NotificationService>> initialized
11:29:08.078 [FXGL Launcher Thread     ] DEBUG FXGL                 - Service <<Net>> initialized
11:29:08.086 [FXGL Launcher Thread     ] DEBUG FXGL                 - Service <<Gameplay>> initialized
11:29:08.099 [FXGL Launcher Thread     ] DEBUG FXGLPooler           - Default pool size for objects = 128
11:29:08.099 [FXGL Launcher Thread     ] DEBUG FXGL                 - Service <<Pooler>> initialized
11:29:08.100 [FXGL Launcher Thread     ] DEBUG FXGL                 - Service <<ExceptionHandler>> initialized
11:29:08.100 [FXGL Launcher Thread     ] DEBUG FXGL                 - Service <<UIFactory>> initialized
11:29:08.100 [FXGL Launcher Thread     ] DEBUG FXGL                 - Service <<DialogFactory>> initialized
11:29:08.101 [FXGL Launcher Thread     ] DEBUG FXGL                 - Service <<SceneFactory>> initialized
11:29:08.101 [FXGL Launcher Thread     ] DEBUG FXGL                 - Loading FXGL system data
11:29:08.106 [FXGL Launcher Thread     ] DEBUG IOTask               - Executing task: readDataTask(system/fxgl.bundle)
11:29:08.125 [FXGL Launcher Thread     ] DEBUG FS                   - Reading from: system\fxgl.bundle
11:29:08.136 [FXGL Launcher Thread     ] DEBUG IOTask               - Task succeeded: readDataTask(system/fxgl.bundle)
11:29:08.136 [FXGL Launcher Thread     ] DEBUG Bundle               - Logging bundle: FXGL
11:29:08.137 [FXGL Launcher Thread     ] DEBUG Bundle               - FXGL.offline.timer.version.check=2017-07-07T13:55:42.302
11:29:08.137 [FXGL Launcher Thread     ] DEBUG GameApplication      - FXGL configuration complete
11:29:08.138 [FXGL Launcher Thread     ] INFO  GameApplication      - FXGL configuration took:  1.349 sec
11:29:08.138 [FXGL Launcher Thread     ] DEBUG GameApplication      - Logging game settings
Title: Pacman Level Editor
Version: 1.0
Width: 960
Height: 840
Fullscreen: false
Intro: false
Menus: false
Profiling: false
App Mode: DEVELOPER
Menu Style: FXGL_DEFAULT
Menu Key: ESCAPE
Services: []
11:29:08.155 [FXGL Launcher Thread     ] DEBUG GameApplication      - Configuring GameApplication
11:29:08.156 [FXGL Launcher Thread     ] DEBUG AppStateMachine      - Initializing application states
11:29:08.160 [FXGL Launcher Thread     ] DEBUG FXGLAssetLoader      - Loading from disk: /assets/ui/cursors/fxgl_default.png
11:29:08.164 [FXGL Launcher Thread     ] DEBUG FXGLAssetLoader      - Loading from disk: /assets/ui/cursors/fxgl_default.png
11:29:08.198 [FXGL Launcher Thread     ] DEBUG GameWorld            - Game world initialized
11:29:08.234 [FXGL Launcher Thread     ] DEBUG PhysicsWorld         - Physics world initialized: appHeight=840, physics.ppm=50.0
11:29:08.240 [FXGL Launcher Thread     ] DEBUG FXGLAssetLoader      - Loading from disk: /assets/ui/cursors/fxgl_default.png
11:29:08.277 [FXGL Launcher Thread     ] DEBUG GameScene            - Game scene initialized: 960x840
11:29:08.295 [FXGL Launcher Thread     ] DEBUG Input                - Registered new binding: Pause - Esc
11:29:08.324 [FXGL Launcher Thread     ] INFO  GameApplication      - Game configuration took:  0.169 sec
11:29:08.328 [JavaFX Application Thread] DEBUG FXGLDisplay          - Target size: DoubleProperty [value: 960.0] x DoubleProperty [value: 840.0] @ 1.0
11:29:08.329 [JavaFX Application Thread] DEBUG FXGLDisplay          - New size:    960.0 x 840.0 @ DoubleProperty [value: 1.0]
11:29:08.329 [JavaFX Application Thread] DEBUG FXGLDisplay          - Opening primary stage
11:29:08.351 [JavaFX Application Thread] DEBUG FXGLDisplay          - Stage shown
11:29:08.351 [JavaFX Application Thread] DEBUG FXGLDisplay          - Root size: 960.0x840.0
11:29:08.351 [JavaFX Application Thread] DEBUG FXGLDisplay          - Scene size: 960.0x840.0
11:29:08.351 [JavaFX Application Thread] DEBUG FXGLDisplay          - Stage size: 976.0x879.0
11:29:08.374 [JavaFX Application Thread] DEBUG GameApplication      - Running preInit()
11:29:08.377 [JavaFX Application Thread] DEBUG Input                - Registered new binding: Screenshot - P
11:29:08.377 [JavaFX Application Thread] DEBUG Input                - Registered new binding: Dev Options - CTRL+0
11:29:08.378 [JavaFX Application Thread] DEBUG Input                - Registered new binding: MOUSE CLICK - PRIMARY
11:29:08.414 [JavaFX Application Thread] DEBUG GameApplication      - Starting main loop
11:29:08.416 [JavaFX Application Thread] DEBUG StartupState         - STARTUP
11:29:08.416 [JavaFX Application Thread] DEBUG GameApplication      - Starting new game
11:29:08.416 [JavaFX Application Thread] DEBUG Input                - Clearing active input actions
11:29:08.416 [JavaFX Application Thread] DEBUG AppStateMachine      - StartupState -> LoadingState
11:29:08.524 [JavaFX Application Thread] DEBUG InitAppTask          - @SetEntityFactory: []
11:29:08.524 [JavaFX Application Thread] DEBUG InitAppTask          - @AddCollisionHandler: []
11:29:08.527 [FXGL Background Thread 1 ] DEBUG InitAppTask          - Clearing previous game
11:29:08.528 [FXGL Background Thread 1 ] DEBUG GameWorld            - Resetting game world
11:29:08.528 [FXGL Background Thread 1 ] DEBUG PhysicsWorld         - Resetting physics world
11:29:08.528 [FXGL Background Thread 1 ] DEBUG GameScene            - Resetting game scene
11:29:08.529 [FXGL Background Thread 1 ] DEBUG InitAppTask          - Initializing Assets
11:29:08.529 [FXGL Background Thread 1 ] DEBUG InitAppTask          - Initializing Game
11:29:08.618 [FXGL Background Thread 1 ] DEBUG GameScene            - Creating render group for layer: top(100)
11:29:08.652 [FXGL Background Thread 1 ] DEBUG GameScene            - Creating render group for layer: bottom(1)
11:29:08.682 [FXGL Background Thread 1 ] DEBUG InitAppTask          - Initializing Physics
11:29:08.683 [FXGL Background Thread 1 ] DEBUG InitAppTask          - Initializing UI
11:29:08.796 [FXGL Background Thread 1 ] DEBUG GameScene            - Creating render group for layer: background(0)
11:29:08.797 [FXGL Background Thread 1 ] DEBUG InitAppTask          - Initialization Complete
11:29:08.797 [FXGL Background Thread 1 ] INFO  InitAppTask          - Game initialization took: 0.269 sec
11:29:08.800 [JavaFX Application Thread] DEBUG Input                - Clearing active input actions
11:29:08.800 [JavaFX Application Thread] DEBUG AppStateMachine      - LoadingState -> PlayState
11:29:10.820 [JavaFX Application Thread] DEBUG FXGLEventBus         - Firing event: DisplayEvent[type=CLOSE_REQUEST]
11:29:10.820 [JavaFX Application Thread] DEBUG GameApplication      - Exiting FXGL application
11:29:10.821 [JavaFX Application Thread] DEBUG FXGL                 - Saving FXGL system data
11:29:10.822 [JavaFX Application Thread] DEBUG IOTask               - Executing task: writeDataTask(system/fxgl.bundle)
11:29:10.824 [JavaFX Application Thread] DEBUG FS                   - Writing to: system\fxgl.bundle
11:29:10.828 [JavaFX Application Thread] DEBUG IOTask               - Task succeeded: writeDataTask(system/fxgl.bundle)
11:29:10.828 [JavaFX Application Thread] DEBUG GameApplication      - Closing FXGL logger and exiting JavaFX
