11:31:45.963 [FXGL Launcher Thread     ] DEBUG FXGL                 - FXGL logger initialized
11:31:45.965 [FXGL Launcher Thread     ] DEBUG FXGL                 - Service <<AudioPlayer>> initialized
11:31:45.966 [FXGL Launcher Thread     ] DEBUG FXGLAssetLoader      - Asset cacheSize=35
11:31:45.966 [FXGL Launcher Thread     ] DEBUG FXGL                 - Service <<AssetLoader>> initialized
11:31:45.967 [FXGL Launcher Thread     ] DEBUG FXGL                 - Service <<EventBus>> initialized
11:31:45.969 [FXGL Launcher Thread     ] DEBUG FXGLAssetLoader      - Loading from disk: /assets/ui/cursors/fxgl_default.png
11:31:45.986 [FXGL Launcher Thread     ] DEBUG FXGLAssetLoader      - Loading from disk: /assets/sounds/core/notification.wav
11:31:46.004 [FXGL Launcher Thread     ] DEBUG FXGLAssetLoader      - Loading from disk: /assets/sounds/menu/select.wav
11:31:46.005 [FXGL Launcher Thread     ] DEBUG FXGLAssetLoader      - Loading from disk: /assets/sounds/menu/back.wav
11:31:46.007 [FXGL Launcher Thread     ] DEBUG FXGLAssetLoader      - Loading from disk: /assets/sounds/menu/press.wav
11:31:46.009 [FXGL Launcher Thread     ] DEBUG FXGLAssetLoader      - Loading from disk: /assets/ui/fonts/Copperplate_Gothic_Light_Regular.ttf
11:31:46.160 [FXGL Launcher Thread     ] DEBUG FXGLAssetLoader      - Loading from disk: /assets/ui/fonts/lucida_console.ttf
11:31:46.179 [FXGL Launcher Thread     ] DEBUG FXGLAssetLoader      - Loading from disk: /assets/ui/css/fxgl_dark.css
11:31:46.179 [FXGL Launcher Thread     ] DEBUG FXGLAssetLoader      - Loading from disk: /assets/ui/icons/fxgl_icon.png
11:31:46.192 [FXGL Launcher Thread     ] DEBUG FXGLDisplay          - Using CSS: CSS(externalForm=jar:file:/C:/Users/lukel/Documents/Programming/PacmanLevelEditor/lib/fxgl-0.3.4-uber.jar!/assets/ui/css/fxgl_dark.css)
11:31:46.193 [FXGL Launcher Thread     ] DEBUG FXGL                 - Service <<Display>> initialized
11:31:46.194 [FXGL Launcher Thread     ] DEBUG FXGL                 - Service <<Executor>> initialized
11:31:46.199 [FXGL Launcher Thread     ] DEBUG FXGL                 - Service <<NotificationService>> initialized
11:31:46.200 [FXGL Launcher Thread     ] DEBUG FXGL                 - Service <<Net>> initialized
11:31:46.215 [FXGL Launcher Thread     ] DEBUG FXGL                 - Service <<Gameplay>> initialized
11:31:46.220 [FXGL Launcher Thread     ] DEBUG FXGLPooler           - Default pool size for objects = 128
11:31:46.220 [FXGL Launcher Thread     ] DEBUG FXGL                 - Service <<Pooler>> initialized
11:31:46.221 [FXGL Launcher Thread     ] DEBUG FXGL                 - Service <<ExceptionHandler>> initialized
11:31:46.221 [FXGL Launcher Thread     ] DEBUG FXGL                 - Service <<UIFactory>> initialized
11:31:46.221 [FXGL Launcher Thread     ] DEBUG FXGL                 - Service <<DialogFactory>> initialized
11:31:46.221 [FXGL Launcher Thread     ] DEBUG FXGL                 - Service <<SceneFactory>> initialized
11:31:46.221 [FXGL Launcher Thread     ] DEBUG FXGL                 - Loading FXGL system data
11:31:46.225 [FXGL Launcher Thread     ] DEBUG IOTask               - Executing task: readDataTask(system/fxgl.bundle)
11:31:46.227 [FXGL Launcher Thread     ] DEBUG FS                   - Reading from: system\fxgl.bundle
11:31:46.235 [FXGL Launcher Thread     ] DEBUG IOTask               - Task succeeded: readDataTask(system/fxgl.bundle)
11:31:46.235 [FXGL Launcher Thread     ] DEBUG Bundle               - Logging bundle: FXGL
11:31:46.235 [FXGL Launcher Thread     ] DEBUG Bundle               - FXGL.offline.timer.version.check=2017-07-07T13:55:42.302
11:31:46.235 [FXGL Launcher Thread     ] DEBUG GameApplication      - FXGL configuration complete
11:31:46.236 [FXGL Launcher Thread     ] INFO  GameApplication      - FXGL configuration took:  0.804 sec
11:31:46.236 [FXGL Launcher Thread     ] DEBUG GameApplication      - Logging game settings
Title: Pacman Level Editor
Version: 1.0
Width: 960
Height: 840
Fullscreen: false
Intro: false
Menus: false
Profiling: false
App Mode: DEVELOPER
Menu Style: FXGL_DEFAULT
Menu Key: ESCAPE
Services: []
11:31:46.250 [FXGL Launcher Thread     ] DEBUG GameApplication      - Configuring GameApplication
11:31:46.251 [FXGL Launcher Thread     ] DEBUG AppStateMachine      - Initializing application states
11:31:46.254 [FXGL Launcher Thread     ] DEBUG FXGLAssetLoader      - Loading from disk: /assets/ui/cursors/fxgl_default.png
11:31:46.258 [FXGL Launcher Thread     ] DEBUG FXGLAssetLoader      - Loading from disk: /assets/ui/cursors/fxgl_default.png
11:31:46.295 [FXGL Launcher Thread     ] DEBUG GameWorld            - Game world initialized
11:31:46.330 [FXGL Launcher Thread     ] DEBUG PhysicsWorld         - Physics world initialized: appHeight=840, physics.ppm=50.0
11:31:46.339 [FXGL Launcher Thread     ] DEBUG FXGLAssetLoader      - Loading from disk: /assets/ui/cursors/fxgl_default.png
11:31:46.354 [FXGL Launcher Thread     ] DEBUG GameScene            - Game scene initialized: 960x840
11:31:46.371 [FXGL Launcher Thread     ] DEBUG Input                - Registered new binding: Pause - Esc
11:31:46.379 [FXGL Launcher Thread     ] INFO  GameApplication      - Game configuration took:  0.129 sec
11:31:46.389 [JavaFX Application Thread] DEBUG FXGLDisplay          - Target size: DoubleProperty [value: 960.0] x DoubleProperty [value: 840.0] @ 1.0
11:31:46.389 [JavaFX Application Thread] DEBUG FXGLDisplay          - New size:    960.0 x 840.0 @ DoubleProperty [value: 1.0]
11:31:46.389 [JavaFX Application Thread] DEBUG FXGLDisplay          - Opening primary stage
11:31:46.421 [JavaFX Application Thread] DEBUG FXGLDisplay          - Stage shown
11:31:46.421 [JavaFX Application Thread] DEBUG FXGLDisplay          - Root size: 960.0x840.0
11:31:46.421 [JavaFX Application Thread] DEBUG FXGLDisplay          - Scene size: 960.0x840.0
11:31:46.421 [JavaFX Application Thread] DEBUG FXGLDisplay          - Stage size: 976.0x879.0
11:31:46.450 [JavaFX Application Thread] DEBUG GameApplication      - Running preInit()
11:31:46.452 [JavaFX Application Thread] DEBUG Input                - Registered new binding: Screenshot - P
11:31:46.453 [JavaFX Application Thread] DEBUG Input                - Registered new binding: Dev Options - CTRL+0
11:31:46.454 [JavaFX Application Thread] DEBUG Input                - Registered new binding: MOUSE CLICK - PRIMARY
11:31:46.492 [JavaFX Application Thread] DEBUG GameApplication      - Starting main loop
11:31:46.493 [JavaFX Application Thread] DEBUG StartupState         - STARTUP
11:31:46.493 [JavaFX Application Thread] DEBUG GameApplication      - Starting new game
11:31:46.494 [JavaFX Application Thread] DEBUG Input                - Clearing active input actions
11:31:46.494 [JavaFX Application Thread] DEBUG AppStateMachine      - StartupState -> LoadingState
11:31:46.653 [JavaFX Application Thread] DEBUG InitAppTask          - @SetEntityFactory: []
11:31:46.653 [JavaFX Application Thread] DEBUG InitAppTask          - @AddCollisionHandler: []
11:31:46.690 [FXGL Background Thread 1 ] DEBUG InitAppTask          - Clearing previous game
11:31:46.691 [FXGL Background Thread 1 ] DEBUG GameWorld            - Resetting game world
11:31:46.691 [FXGL Background Thread 1 ] DEBUG PhysicsWorld         - Resetting physics world
11:31:46.691 [FXGL Background Thread 1 ] DEBUG GameScene            - Resetting game scene
11:31:46.691 [FXGL Background Thread 1 ] DEBUG InitAppTask          - Initializing Assets
11:31:46.692 [FXGL Background Thread 1 ] DEBUG InitAppTask          - Initializing Game
11:31:46.712 [FXGL Background Thread 1 ] DEBUG GameScene            - Creating render group for layer: top(100)
11:31:46.732 [FXGL Background Thread 1 ] DEBUG GameScene            - Creating render group for layer: bottom(1)
11:31:46.756 [FXGL Background Thread 1 ] DEBUG InitAppTask          - Initializing Physics
11:31:46.756 [FXGL Background Thread 1 ] DEBUG InitAppTask          - Initializing UI
11:31:46.771 [FXGL Background Thread 1 ] DEBUG GameScene            - Creating render group for layer: background(0)
11:31:46.771 [FXGL Background Thread 1 ] DEBUG InitAppTask          - Initialization Complete
11:31:46.771 [FXGL Background Thread 1 ] INFO  InitAppTask          - Game initialization took: 0.081 sec
11:31:46.773 [JavaFX Application Thread] DEBUG Input                - Clearing active input actions
11:31:46.773 [JavaFX Application Thread] DEBUG AppStateMachine      - LoadingState -> PlayState
11:31:50.240 [JavaFX Application Thread] DEBUG FXGLEventBus         - Firing event: DisplayEvent[type=CLOSE_REQUEST]
11:31:50.240 [JavaFX Application Thread] DEBUG GameApplication      - Exiting FXGL application
11:31:50.241 [JavaFX Application Thread] DEBUG FXGL                 - Saving FXGL system data
11:31:50.242 [JavaFX Application Thread] DEBUG IOTask               - Executing task: writeDataTask(system/fxgl.bundle)
11:31:50.244 [JavaFX Application Thread] DEBUG FS                   - Writing to: system\fxgl.bundle
11:31:50.247 [JavaFX Application Thread] DEBUG IOTask               - Task succeeded: writeDataTask(system/fxgl.bundle)
11:31:50.247 [JavaFX Application Thread] DEBUG GameApplication      - Closing FXGL logger and exiting JavaFX
