14:04:06.206 [FXGL Launcher Thread     ] DEBUG FXGL                 - FXGL logger initialized
14:04:06.209 [FXGL Launcher Thread     ] DEBUG FXGL                 - Service <<AudioPlayer>> initialized
14:04:06.210 [FXGL Launcher Thread     ] DEBUG FXGLAssetLoader      - Asset cacheSize=35
14:04:06.210 [FXGL Launcher Thread     ] DEBUG FXGL                 - Service <<AssetLoader>> initialized
14:04:06.211 [FXGL Launcher Thread     ] DEBUG FXGL                 - Service <<EventBus>> initialized
14:04:06.213 [FXGL Launcher Thread     ] DEBUG FXGLAssetLoader      - Loading from disk: /assets/ui/cursors/fxgl_default.png
14:04:06.228 [FXGL Launcher Thread     ] DEBUG FXGLAssetLoader      - Loading from disk: /assets/sounds/core/notification.wav
14:04:06.244 [FXGL Launcher Thread     ] DEBUG FXGLAssetLoader      - Loading from disk: /assets/sounds/menu/select.wav
14:04:06.245 [FXGL Launcher Thread     ] DEBUG FXGLAssetLoader      - Loading from disk: /assets/sounds/menu/back.wav
14:04:06.247 [FXGL Launcher Thread     ] DEBUG FXGLAssetLoader      - Loading from disk: /assets/sounds/menu/press.wav
14:04:06.249 [FXGL Launcher Thread     ] DEBUG FXGLAssetLoader      - Loading from disk: /assets/ui/fonts/Copperplate_Gothic_Light_Regular.ttf
14:04:06.382 [FXGL Launcher Thread     ] DEBUG FXGLAssetLoader      - Loading from disk: /assets/ui/fonts/lucida_console.ttf
14:04:06.396 [FXGL Launcher Thread     ] DEBUG FXGLAssetLoader      - Loading from disk: /assets/ui/css/fxgl_dark.css
14:04:06.396 [FXGL Launcher Thread     ] DEBUG FXGLAssetLoader      - Loading from disk: /assets/ui/icons/fxgl_icon.png
14:04:06.409 [FXGL Launcher Thread     ] DEBUG FXGLDisplay          - Using CSS: CSS(externalForm=jar:file:/C:/Users/lukel/Documents/Programming/PacmanLevelEditor/lib/fxgl-0.3.4-uber.jar!/assets/ui/css/fxgl_dark.css)
14:04:06.410 [FXGL Launcher Thread     ] DEBUG FXGL                 - Service <<Display>> initialized
14:04:06.412 [FXGL Launcher Thread     ] DEBUG FXGL                 - Service <<Executor>> initialized
14:04:06.418 [FXGL Launcher Thread     ] DEBUG FXGL                 - Service <<NotificationService>> initialized
14:04:06.418 [FXGL Launcher Thread     ] DEBUG FXGL                 - Service <<Net>> initialized
14:04:06.432 [FXGL Launcher Thread     ] DEBUG FXGL                 - Service <<Gameplay>> initialized
14:04:06.437 [FXGL Launcher Thread     ] DEBUG FXGLPooler           - Default pool size for objects = 128
14:04:06.437 [FXGL Launcher Thread     ] DEBUG FXGL                 - Service <<Pooler>> initialized
14:04:06.438 [FXGL Launcher Thread     ] DEBUG FXGL                 - Service <<ExceptionHandler>> initialized
14:04:06.438 [FXGL Launcher Thread     ] DEBUG FXGL                 - Service <<UIFactory>> initialized
14:04:06.438 [FXGL Launcher Thread     ] DEBUG FXGL                 - Service <<DialogFactory>> initialized
14:04:06.438 [FXGL Launcher Thread     ] DEBUG FXGL                 - Service <<SceneFactory>> initialized
14:04:06.438 [FXGL Launcher Thread     ] DEBUG FXGL                 - Loading FXGL system data
14:04:06.441 [FXGL Launcher Thread     ] DEBUG IOTask               - Executing task: readDataTask(system/fxgl.bundle)
14:04:06.444 [FXGL Launcher Thread     ] DEBUG FS                   - Reading from: system\fxgl.bundle
14:04:06.452 [FXGL Launcher Thread     ] DEBUG IOTask               - Task succeeded: readDataTask(system/fxgl.bundle)
14:04:06.453 [FXGL Launcher Thread     ] DEBUG Bundle               - Logging bundle: FXGL
14:04:06.453 [FXGL Launcher Thread     ] DEBUG Bundle               - FXGL.offline.timer.version.check=2017-07-07T13:55:42.302
14:04:06.453 [FXGL Launcher Thread     ] DEBUG GameApplication      - FXGL configuration complete
14:04:06.454 [FXGL Launcher Thread     ] INFO  GameApplication      - FXGL configuration took:  0.709 sec
14:04:06.454 [FXGL Launcher Thread     ] DEBUG GameApplication      - Logging game settings
Title: Pacman Level Editor
Version: 0.1
Width: 960
Height: 840
Fullscreen: false
Intro: false
Menus: false
Profiling: false
App Mode: DEVELOPER
Menu Style: FXGL_DEFAULT
Menu Key: ESCAPE
Services: []
14:04:06.474 [FXGL Launcher Thread     ] DEBUG GameApplication      - Configuring GameApplication
14:04:06.475 [FXGL Launcher Thread     ] DEBUG AppStateMachine      - Initializing application states
14:04:06.477 [FXGL Launcher Thread     ] DEBUG FXGLAssetLoader      - Loading from disk: /assets/ui/cursors/fxgl_default.png
14:04:06.480 [FXGL Launcher Thread     ] DEBUG FXGLAssetLoader      - Loading from disk: /assets/ui/cursors/fxgl_default.png
14:04:06.516 [FXGL Launcher Thread     ] DEBUG GameWorld            - Game world initialized
14:04:06.549 [FXGL Launcher Thread     ] DEBUG PhysicsWorld         - Physics world initialized: appHeight=840, physics.ppm=50.0
14:04:06.557 [FXGL Launcher Thread     ] DEBUG FXGLAssetLoader      - Loading from disk: /assets/ui/cursors/fxgl_default.png
14:04:06.573 [FXGL Launcher Thread     ] DEBUG GameScene            - Game scene initialized: 960x840
14:04:06.591 [FXGL Launcher Thread     ] DEBUG Input                - Registered new binding: Pause - Esc
14:04:06.600 [FXGL Launcher Thread     ] INFO  GameApplication      - Game configuration took:  0.125 sec
14:04:06.618 [JavaFX Application Thread] DEBUG FXGLDisplay          - Target size: DoubleProperty [value: 960.0] x DoubleProperty [value: 840.0] @ 1.0
14:04:06.618 [JavaFX Application Thread] DEBUG FXGLDisplay          - New size:    960.0 x 840.0 @ DoubleProperty [value: 1.0]
14:04:06.618 [JavaFX Application Thread] DEBUG FXGLDisplay          - Opening primary stage
14:04:06.651 [JavaFX Application Thread] DEBUG FXGLDisplay          - Stage shown
14:04:06.651 [JavaFX Application Thread] DEBUG FXGLDisplay          - Root size: 960.0x840.0
14:04:06.651 [JavaFX Application Thread] DEBUG FXGLDisplay          - Scene size: 960.0x840.0
14:04:06.651 [JavaFX Application Thread] DEBUG FXGLDisplay          - Stage size: 976.0x879.0
14:04:06.678 [JavaFX Application Thread] DEBUG GameApplication      - Running preInit()
14:04:06.680 [JavaFX Application Thread] DEBUG Input                - Registered new binding: Screenshot - P
14:04:06.680 [JavaFX Application Thread] DEBUG Input                - Registered new binding: Dev Options - CTRL+0
14:04:06.681 [JavaFX Application Thread] DEBUG Input                - Registered new binding: MOUSE CLICK - PRIMARY
14:04:06.718 [JavaFX Application Thread] DEBUG GameApplication      - Starting main loop
14:04:06.721 [JavaFX Application Thread] DEBUG StartupState         - STARTUP
14:04:06.721 [JavaFX Application Thread] DEBUG GameApplication      - Starting new game
14:04:06.721 [JavaFX Application Thread] DEBUG Input                - Clearing active input actions
14:04:06.721 [JavaFX Application Thread] DEBUG AppStateMachine      - StartupState -> LoadingState
14:04:06.876 [JavaFX Application Thread] DEBUG InitAppTask          - @AddCollisionHandler: []
14:04:06.876 [JavaFX Application Thread] DEBUG InitAppTask          - @SetEntityFactory: []
14:04:06.878 [FXGL Background Thread 1 ] DEBUG InitAppTask          - Clearing previous game
14:04:06.878 [FXGL Background Thread 1 ] DEBUG GameWorld            - Resetting game world
14:04:06.879 [FXGL Background Thread 1 ] DEBUG PhysicsWorld         - Resetting physics world
14:04:06.879 [FXGL Background Thread 1 ] DEBUG GameScene            - Resetting game scene
14:04:06.879 [FXGL Background Thread 1 ] DEBUG InitAppTask          - Initializing Assets
14:04:06.880 [FXGL Background Thread 1 ] DEBUG InitAppTask          - Initializing Game
14:04:06.899 [FXGL Background Thread 1 ] DEBUG GameScene            - Creating render group for layer: top(100)
14:04:06.920 [FXGL Background Thread 1 ] DEBUG GameScene            - Creating render group for layer: bottom(1)
14:04:06.945 [FXGL Background Thread 1 ] DEBUG GameScene            - Creating render group for layer: background(0)
14:04:06.945 [FXGL Background Thread 1 ] DEBUG InitAppTask          - Initializing Physics
14:04:06.945 [FXGL Background Thread 1 ] DEBUG InitAppTask          - Initializing UI
14:04:06.959 [FXGL Background Thread 1 ] DEBUG InitAppTask          - Initialization Complete
14:04:06.960 [FXGL Background Thread 1 ] INFO  InitAppTask          - Game initialization took: 0.081 sec
14:04:06.967 [JavaFX Application Thread] DEBUG Input                - Clearing active input actions
14:04:06.967 [JavaFX Application Thread] DEBUG AppStateMachine      - LoadingState -> PlayState
14:04:23.319 [JavaFX Application Thread] DEBUG FXGLEventBus         - Firing event: DisplayEvent[type=CLOSE_REQUEST]
14:04:23.319 [JavaFX Application Thread] DEBUG GameApplication      - Exiting FXGL application
14:04:23.320 [JavaFX Application Thread] DEBUG FXGL                 - Saving FXGL system data
14:04:23.321 [JavaFX Application Thread] DEBUG IOTask               - Executing task: writeDataTask(system/fxgl.bundle)
14:04:23.322 [JavaFX Application Thread] DEBUG FS                   - Writing to: system\fxgl.bundle
14:04:23.325 [JavaFX Application Thread] DEBUG IOTask               - Task succeeded: writeDataTask(system/fxgl.bundle)
14:04:23.326 [JavaFX Application Thread] DEBUG GameApplication      - Closing FXGL logger and exiting JavaFX
