16:14:14.436 [FXGL Launcher Thread     ] DEBUG FXGL                 - FXGL logger initialized
16:14:14.438 [FXGL Launcher Thread     ] DEBUG FXGL                 - Service <<AudioPlayer>> initialized
16:14:14.439 [FXGL Launcher Thread     ] DEBUG FXGLAssetLoader      - Asset cacheSize=35
16:14:14.440 [FXGL Launcher Thread     ] DEBUG FXGL                 - Service <<AssetLoader>> initialized
16:14:14.440 [FXGL Launcher Thread     ] DEBUG FXGL                 - Service <<EventBus>> initialized
16:14:14.442 [FXGL Launcher Thread     ] DEBUG FXGLAssetLoader      - Loading from disk: /assets/ui/cursors/fxgl_default.png
16:14:14.457 [FXGL Launcher Thread     ] DEBUG FXGLAssetLoader      - Loading from disk: /assets/sounds/core/notification.wav
16:14:14.473 [FXGL Launcher Thread     ] DEBUG FXGLAssetLoader      - Loading from disk: /assets/sounds/menu/select.wav
16:14:14.474 [FXGL Launcher Thread     ] DEBUG FXGLAssetLoader      - Loading from disk: /assets/sounds/menu/back.wav
16:14:14.476 [FXGL Launcher Thread     ] DEBUG FXGLAssetLoader      - Loading from disk: /assets/sounds/menu/press.wav
16:14:14.478 [FXGL Launcher Thread     ] DEBUG FXGLAssetLoader      - Loading from disk: /assets/ui/fonts/Copperplate_Gothic_Light_Regular.ttf
16:14:14.547 [FXGL Launcher Thread     ] DEBUG FXGLAssetLoader      - Loading from disk: /assets/ui/fonts/lucida_console.ttf
16:14:14.560 [FXGL Launcher Thread     ] DEBUG FXGLAssetLoader      - Loading from disk: /assets/ui/css/fxgl_dark.css
16:14:14.560 [FXGL Launcher Thread     ] DEBUG FXGLAssetLoader      - Loading from disk: /assets/ui/icons/fxgl_icon.png
16:14:14.573 [FXGL Launcher Thread     ] DEBUG FXGLDisplay          - Using CSS: CSS(externalForm=jar:file:/C:/Users/lukel/Documents/Programming/PacmanLevelEditor/lib/fxgl-0.3.4-uber.jar!/assets/ui/css/fxgl_dark.css)
16:14:14.574 [FXGL Launcher Thread     ] DEBUG FXGL                 - Service <<Display>> initialized
16:14:14.575 [FXGL Launcher Thread     ] DEBUG FXGL                 - Service <<Executor>> initialized
16:14:14.582 [FXGL Launcher Thread     ] DEBUG FXGL                 - Service <<NotificationService>> initialized
16:14:14.583 [FXGL Launcher Thread     ] DEBUG FXGL                 - Service <<Net>> initialized
16:14:14.597 [FXGL Launcher Thread     ] DEBUG FXGL                 - Service <<Gameplay>> initialized
16:14:14.602 [FXGL Launcher Thread     ] DEBUG FXGLPooler           - Default pool size for objects = 128
16:14:14.602 [FXGL Launcher Thread     ] DEBUG FXGL                 - Service <<Pooler>> initialized
16:14:14.602 [FXGL Launcher Thread     ] DEBUG FXGL                 - Service <<ExceptionHandler>> initialized
16:14:14.603 [FXGL Launcher Thread     ] DEBUG FXGL                 - Service <<UIFactory>> initialized
16:14:14.603 [FXGL Launcher Thread     ] DEBUG FXGL                 - Service <<DialogFactory>> initialized
16:14:14.603 [FXGL Launcher Thread     ] DEBUG FXGL                 - Service <<SceneFactory>> initialized
16:14:14.603 [FXGL Launcher Thread     ] DEBUG FXGL                 - Loading FXGL system data
16:14:14.606 [FXGL Launcher Thread     ] DEBUG IOTask               - Executing task: readDataTask(system/fxgl.bundle)
16:14:14.608 [FXGL Launcher Thread     ] DEBUG FS                   - Reading from: system\fxgl.bundle
16:14:14.617 [FXGL Launcher Thread     ] DEBUG IOTask               - Task succeeded: readDataTask(system/fxgl.bundle)
16:14:14.617 [FXGL Launcher Thread     ] DEBUG Bundle               - Logging bundle: FXGL
16:14:14.617 [FXGL Launcher Thread     ] DEBUG Bundle               - FXGL.offline.timer.version.check=2017-07-07T13:55:42.302
16:14:14.617 [FXGL Launcher Thread     ] DEBUG GameApplication      - FXGL configuration complete
16:14:14.618 [FXGL Launcher Thread     ] INFO  GameApplication      - FXGL configuration took:  0.625 sec
16:14:14.618 [FXGL Launcher Thread     ] DEBUG GameApplication      - Logging game settings
Title: Pacman Level Editor
Version: 0.1
Width: 960
Height: 840
Fullscreen: false
Intro: false
Menus: false
Profiling: false
App Mode: DEVELOPER
Menu Style: FXGL_DEFAULT
Menu Key: ESCAPE
Services: []
16:14:14.634 [FXGL Launcher Thread     ] DEBUG GameApplication      - Configuring GameApplication
16:14:14.635 [FXGL Launcher Thread     ] DEBUG AppStateMachine      - Initializing application states
16:14:14.637 [FXGL Launcher Thread     ] DEBUG FXGLAssetLoader      - Loading from disk: /assets/ui/cursors/fxgl_default.png
16:14:14.640 [FXGL Launcher Thread     ] DEBUG FXGLAssetLoader      - Loading from disk: /assets/ui/cursors/fxgl_default.png
16:14:14.674 [FXGL Launcher Thread     ] DEBUG GameWorld            - Game world initialized
16:14:14.705 [FXGL Launcher Thread     ] DEBUG PhysicsWorld         - Physics world initialized: appHeight=840, physics.ppm=50.0
16:14:14.711 [FXGL Launcher Thread     ] DEBUG FXGLAssetLoader      - Loading from disk: /assets/ui/cursors/fxgl_default.png
16:14:14.727 [FXGL Launcher Thread     ] DEBUG GameScene            - Game scene initialized: 960x840
16:14:14.743 [FXGL Launcher Thread     ] DEBUG Input                - Registered new binding: Pause - Esc
16:14:14.752 [FXGL Launcher Thread     ] INFO  GameApplication      - Game configuration took:  0.118 sec
16:14:14.756 [JavaFX Application Thread] DEBUG FXGLDisplay          - Target size: DoubleProperty [value: 960.0] x DoubleProperty [value: 840.0] @ 1.0
16:14:14.756 [JavaFX Application Thread] DEBUG FXGLDisplay          - New size:    960.0 x 840.0 @ DoubleProperty [value: 1.0]
16:14:14.756 [JavaFX Application Thread] DEBUG FXGLDisplay          - Opening primary stage
16:14:14.778 [JavaFX Application Thread] DEBUG FXGLDisplay          - Stage shown
16:14:14.778 [JavaFX Application Thread] DEBUG FXGLDisplay          - Root size: 960.0x840.0
16:14:14.778 [JavaFX Application Thread] DEBUG FXGLDisplay          - Scene size: 960.0x840.0
16:14:14.778 [JavaFX Application Thread] DEBUG FXGLDisplay          - Stage size: 976.0x879.0
16:14:14.809 [JavaFX Application Thread] DEBUG GameApplication      - Running preInit()
16:14:14.811 [JavaFX Application Thread] DEBUG Input                - Registered new binding: Screenshot - P
16:14:14.811 [JavaFX Application Thread] DEBUG Input                - Registered new binding: Dev Options - CTRL+0
16:14:14.812 [JavaFX Application Thread] DEBUG Input                - Registered new binding: MOUSE CLICK - PRIMARY
16:14:14.849 [JavaFX Application Thread] DEBUG GameApplication      - Starting main loop
16:14:14.852 [JavaFX Application Thread] DEBUG StartupState         - STARTUP
16:14:14.852 [JavaFX Application Thread] DEBUG GameApplication      - Starting new game
16:14:14.852 [JavaFX Application Thread] DEBUG Input                - Clearing active input actions
16:14:14.852 [JavaFX Application Thread] DEBUG AppStateMachine      - StartupState -> LoadingState
16:14:14.924 [JavaFX Application Thread] DEBUG InitAppTask          - @SetEntityFactory: []
16:14:14.924 [JavaFX Application Thread] DEBUG InitAppTask          - @AddCollisionHandler: []
16:14:14.926 [FXGL Background Thread 1 ] DEBUG InitAppTask          - Clearing previous game
16:14:14.927 [FXGL Background Thread 1 ] DEBUG GameWorld            - Resetting game world
16:14:14.927 [FXGL Background Thread 1 ] DEBUG PhysicsWorld         - Resetting physics world
16:14:14.928 [FXGL Background Thread 1 ] DEBUG GameScene            - Resetting game scene
16:14:14.928 [FXGL Background Thread 1 ] DEBUG InitAppTask          - Initializing Assets
16:14:14.928 [FXGL Background Thread 1 ] DEBUG InitAppTask          - Initializing Game
16:14:14.944 [FXGL Background Thread 1 ] DEBUG GameScene            - Creating render group for layer: top(100)
16:14:14.966 [FXGL Background Thread 1 ] DEBUG GameScene            - Creating render group for layer: bottom(1)
16:14:14.991 [FXGL Background Thread 1 ] DEBUG InitAppTask          - Initializing Physics
16:14:14.991 [FXGL Background Thread 1 ] DEBUG InitAppTask          - Initializing UI
16:14:15.006 [FXGL Background Thread 1 ] DEBUG GameScene            - Creating render group for layer: background(0)
16:14:15.006 [FXGL Background Thread 1 ] DEBUG InitAppTask          - Initialization Complete
16:14:15.006 [FXGL Background Thread 1 ] INFO  InitAppTask          - Game initialization took: 0.080 sec
16:14:15.014 [JavaFX Application Thread] DEBUG Input                - Clearing active input actions
16:14:15.014 [JavaFX Application Thread] DEBUG AppStateMachine      - LoadingState -> PlayState
