20:46:55.984 [FXGL Launcher Thread     ] DEBUG FXGL                 - FXGL logger initialized
20:46:55.986 [FXGL Launcher Thread     ] DEBUG FXGL                 - Service <<AudioPlayer>> initialized
20:46:55.987 [FXGL Launcher Thread     ] DEBUG FXGLAssetLoader      - Asset cacheSize=35
20:46:55.987 [FXGL Launcher Thread     ] DEBUG FXGL                 - Service <<AssetLoader>> initialized
20:46:55.989 [FXGL Launcher Thread     ] DEBUG FXGL                 - Service <<EventBus>> initialized
20:46:55.991 [FXGL Launcher Thread     ] DEBUG FXGLAssetLoader      - Loading from disk: /assets/ui/cursors/fxgl_default.png
20:46:56.005 [FXGL Launcher Thread     ] DEBUG FXGLAssetLoader      - Loading from disk: /assets/sounds/core/notification.wav
20:46:56.021 [FXGL Launcher Thread     ] DEBUG FXGLAssetLoader      - Loading from disk: /assets/sounds/menu/select.wav
20:46:56.023 [FXGL Launcher Thread     ] DEBUG FXGLAssetLoader      - Loading from disk: /assets/sounds/menu/back.wav
20:46:56.025 [FXGL Launcher Thread     ] DEBUG FXGLAssetLoader      - Loading from disk: /assets/sounds/menu/press.wav
20:46:56.026 [FXGL Launcher Thread     ] DEBUG FXGLAssetLoader      - Loading from disk: /assets/ui/fonts/Copperplate_Gothic_Light_Regular.ttf
20:46:56.132 [FXGL Launcher Thread     ] DEBUG FXGLAssetLoader      - Loading from disk: /assets/ui/fonts/lucida_console.ttf
20:46:56.145 [FXGL Launcher Thread     ] DEBUG FXGLAssetLoader      - Loading from disk: /assets/ui/css/fxgl_dark.css
20:46:56.145 [FXGL Launcher Thread     ] DEBUG FXGLAssetLoader      - Loading from disk: /assets/ui/icons/fxgl_icon.png
20:46:56.158 [FXGL Launcher Thread     ] DEBUG FXGLDisplay          - Using CSS: CSS(externalForm=jar:file:/C:/Users/lukel/Documents/Programming/PacmanLevelEditor/lib/fxgl-0.3.4-uber.jar!/assets/ui/css/fxgl_dark.css)
20:46:56.159 [FXGL Launcher Thread     ] DEBUG FXGL                 - Service <<Display>> initialized
20:46:56.161 [FXGL Launcher Thread     ] DEBUG FXGL                 - Service <<Executor>> initialized
20:46:56.166 [FXGL Launcher Thread     ] DEBUG FXGL                 - Service <<NotificationService>> initialized
20:46:56.167 [FXGL Launcher Thread     ] DEBUG FXGL                 - Service <<Net>> initialized
20:46:56.184 [FXGL Launcher Thread     ] DEBUG FXGL                 - Service <<Gameplay>> initialized
20:46:56.188 [FXGL Launcher Thread     ] DEBUG FXGLPooler           - Default pool size for objects = 128
20:46:56.189 [FXGL Launcher Thread     ] DEBUG FXGL                 - Service <<Pooler>> initialized
20:46:56.189 [FXGL Launcher Thread     ] DEBUG FXGL                 - Service <<ExceptionHandler>> initialized
20:46:56.189 [FXGL Launcher Thread     ] DEBUG FXGL                 - Service <<UIFactory>> initialized
20:46:56.189 [FXGL Launcher Thread     ] DEBUG FXGL                 - Service <<DialogFactory>> initialized
20:46:56.189 [FXGL Launcher Thread     ] DEBUG FXGL                 - Service <<SceneFactory>> initialized
20:46:56.190 [FXGL Launcher Thread     ] DEBUG FXGL                 - Loading FXGL system data
20:46:56.192 [FXGL Launcher Thread     ] DEBUG IOTask               - Executing task: readDataTask(system/fxgl.bundle)
20:46:56.195 [FXGL Launcher Thread     ] DEBUG FS                   - Reading from: system\fxgl.bundle
20:46:56.202 [FXGL Launcher Thread     ] DEBUG IOTask               - Task succeeded: readDataTask(system/fxgl.bundle)
20:46:56.203 [FXGL Launcher Thread     ] DEBUG Bundle               - Logging bundle: FXGL
20:46:56.203 [FXGL Launcher Thread     ] DEBUG Bundle               - FXGL.offline.timer.version.check=2017-07-07T13:55:42.302
20:46:56.203 [FXGL Launcher Thread     ] DEBUG GameApplication      - FXGL configuration complete
20:46:56.204 [FXGL Launcher Thread     ] INFO  GameApplication      - FXGL configuration took:  0.704 sec
20:46:56.204 [FXGL Launcher Thread     ] DEBUG GameApplication      - Logging game settings
Title: Pacman Level Editor
Version: 0.1
Width: 960
Height: 840
Fullscreen: false
Intro: false
Menus: false
Profiling: false
App Mode: DEVELOPER
Menu Style: FXGL_DEFAULT
Menu Key: ESCAPE
Services: []
20:46:56.214 [FXGL Launcher Thread     ] DEBUG GameApplication      - Configuring GameApplication
20:46:56.215 [FXGL Launcher Thread     ] DEBUG AppStateMachine      - Initializing application states
20:46:56.217 [FXGL Launcher Thread     ] DEBUG FXGLAssetLoader      - Loading from disk: /assets/ui/cursors/fxgl_default.png
20:46:56.220 [FXGL Launcher Thread     ] DEBUG FXGLAssetLoader      - Loading from disk: /assets/ui/cursors/fxgl_default.png
20:46:56.255 [FXGL Launcher Thread     ] DEBUG GameWorld            - Game world initialized
20:46:56.288 [FXGL Launcher Thread     ] DEBUG PhysicsWorld         - Physics world initialized: appHeight=840, physics.ppm=50.0
20:46:56.293 [FXGL Launcher Thread     ] DEBUG FXGLAssetLoader      - Loading from disk: /assets/ui/cursors/fxgl_default.png
20:46:56.309 [FXGL Launcher Thread     ] DEBUG GameScene            - Game scene initialized: 960x840
20:46:56.325 [FXGL Launcher Thread     ] DEBUG Input                - Registered new binding: Pause - Esc
20:46:56.334 [FXGL Launcher Thread     ] INFO  GameApplication      - Game configuration took:  0.120 sec
20:46:56.337 [JavaFX Application Thread] DEBUG FXGLDisplay          - Target size: DoubleProperty [value: 960.0] x DoubleProperty [value: 840.0] @ 1.0
20:46:56.337 [JavaFX Application Thread] DEBUG FXGLDisplay          - New size:    960.0 x 840.0 @ DoubleProperty [value: 1.0]
20:46:56.337 [JavaFX Application Thread] DEBUG FXGLDisplay          - Opening primary stage
20:46:56.369 [JavaFX Application Thread] DEBUG FXGLDisplay          - Stage shown
20:46:56.369 [JavaFX Application Thread] DEBUG FXGLDisplay          - Root size: 960.0x840.0
20:46:56.369 [JavaFX Application Thread] DEBUG FXGLDisplay          - Scene size: 960.0x840.0
20:46:56.369 [JavaFX Application Thread] DEBUG FXGLDisplay          - Stage size: 976.0x879.0
20:46:56.397 [JavaFX Application Thread] DEBUG GameApplication      - Running preInit()
20:46:56.400 [JavaFX Application Thread] DEBUG Input                - Registered new binding: Screenshot - P
20:46:56.400 [JavaFX Application Thread] DEBUG Input                - Registered new binding: Dev Options - CTRL+0
20:46:56.401 [JavaFX Application Thread] DEBUG Input                - Registered new binding: MOUSE CLICK - PRIMARY
20:46:56.441 [JavaFX Application Thread] DEBUG GameApplication      - Starting main loop
20:46:56.444 [JavaFX Application Thread] DEBUG StartupState         - STARTUP
20:46:56.444 [JavaFX Application Thread] DEBUG GameApplication      - Starting new game
20:46:56.445 [JavaFX Application Thread] DEBUG Input                - Clearing active input actions
20:46:56.445 [JavaFX Application Thread] DEBUG AppStateMachine      - StartupState -> LoadingState
20:46:56.604 [JavaFX Application Thread] DEBUG InitAppTask          - @AddCollisionHandler: []
20:46:56.604 [JavaFX Application Thread] DEBUG InitAppTask          - @SetEntityFactory: []
20:46:56.609 [FXGL Background Thread 1 ] DEBUG InitAppTask          - Clearing previous game
20:46:56.609 [FXGL Background Thread 1 ] DEBUG GameWorld            - Resetting game world
20:46:56.610 [FXGL Background Thread 1 ] DEBUG PhysicsWorld         - Resetting physics world
20:46:56.610 [FXGL Background Thread 1 ] DEBUG GameScene            - Resetting game scene
20:46:56.610 [FXGL Background Thread 1 ] DEBUG InitAppTask          - Initializing Assets
20:46:56.610 [FXGL Background Thread 1 ] DEBUG InitAppTask          - Initializing Game
20:46:56.632 [FXGL Background Thread 1 ] DEBUG GameScene            - Creating render group for layer: top(100)
20:46:56.654 [FXGL Background Thread 1 ] DEBUG GameScene            - Creating render group for layer: background(0)
20:46:56.658 [FXGL Background Thread 1 ] DEBUG InitAppTask          - Initializing Physics
20:46:56.658 [FXGL Background Thread 1 ] DEBUG InitAppTask          - Initializing UI
20:46:56.665 [FXGL Background Thread 1 ] DEBUG GameScene            - Creating render group for layer: bottom(1)
20:46:56.671 [FXGL Background Thread 1 ] DEBUG InitAppTask          - Initialization Complete
20:46:56.671 [FXGL Background Thread 1 ] INFO  InitAppTask          - Game initialization took: 0.062 sec
20:46:56.685 [JavaFX Application Thread] DEBUG Input                - Clearing active input actions
20:46:56.685 [JavaFX Application Thread] DEBUG AppStateMachine      - LoadingState -> PlayState
20:47:02.532 [JavaFX Application Thread] DEBUG FXGLEventBus         - Firing event: DisplayEvent[type=CLOSE_REQUEST]
20:47:02.533 [JavaFX Application Thread] DEBUG GameApplication      - Exiting FXGL application
20:47:02.534 [JavaFX Application Thread] DEBUG FXGL                 - Saving FXGL system data
20:47:02.534 [JavaFX Application Thread] DEBUG IOTask               - Executing task: writeDataTask(system/fxgl.bundle)
20:47:02.536 [JavaFX Application Thread] DEBUG FS                   - Writing to: system\fxgl.bundle
20:47:02.539 [JavaFX Application Thread] DEBUG IOTask               - Task succeeded: writeDataTask(system/fxgl.bundle)
20:47:02.539 [JavaFX Application Thread] DEBUG GameApplication      - Closing FXGL logger and exiting JavaFX
