11:31:08.429 [FXGL Launcher Thread     ] DEBUG FXGL                 - FXGL logger initialized
11:31:08.432 [FXGL Launcher Thread     ] DEBUG FXGL                 - Service <<AudioPlayer>> initialized
11:31:08.433 [FXGL Launcher Thread     ] DEBUG FXGLAssetLoader      - Asset cacheSize=35
11:31:08.433 [FXGL Launcher Thread     ] DEBUG FXGL                 - Service <<AssetLoader>> initialized
11:31:08.434 [FXGL Launcher Thread     ] DEBUG FXGL                 - Service <<EventBus>> initialized
11:31:08.436 [FXGL Launcher Thread     ] DEBUG FXGLAssetLoader      - Loading from disk: /assets/ui/cursors/fxgl_default.png
11:31:08.451 [FXGL Launcher Thread     ] DEBUG FXGLAssetLoader      - Loading from disk: /assets/sounds/core/notification.wav
11:31:08.475 [FXGL Launcher Thread     ] DEBUG FXGLAssetLoader      - Loading from disk: /assets/sounds/menu/select.wav
11:31:08.476 [FXGL Launcher Thread     ] DEBUG FXGLAssetLoader      - Loading from disk: /assets/sounds/menu/back.wav
11:31:08.478 [FXGL Launcher Thread     ] DEBUG FXGLAssetLoader      - Loading from disk: /assets/sounds/menu/press.wav
11:31:08.480 [FXGL Launcher Thread     ] DEBUG FXGLAssetLoader      - Loading from disk: /assets/ui/fonts/Copperplate_Gothic_Light_Regular.ttf
11:31:08.594 [FXGL Launcher Thread     ] DEBUG FXGLAssetLoader      - Loading from disk: /assets/ui/fonts/lucida_console.ttf
11:31:08.616 [FXGL Launcher Thread     ] DEBUG FXGLAssetLoader      - Loading from disk: /assets/ui/css/fxgl_dark.css
11:31:08.616 [FXGL Launcher Thread     ] DEBUG FXGLAssetLoader      - Loading from disk: /assets/ui/icons/fxgl_icon.png
11:31:08.629 [FXGL Launcher Thread     ] DEBUG FXGLDisplay          - Using CSS: CSS(externalForm=jar:file:/C:/Users/lukel/Documents/Programming/PacmanLevelEditor/lib/fxgl-0.3.4-uber.jar!/assets/ui/css/fxgl_dark.css)
11:31:08.630 [FXGL Launcher Thread     ] DEBUG FXGL                 - Service <<Display>> initialized
11:31:08.632 [FXGL Launcher Thread     ] DEBUG FXGL                 - Service <<Executor>> initialized
11:31:08.638 [FXGL Launcher Thread     ] DEBUG FXGL                 - Service <<NotificationService>> initialized
11:31:08.638 [FXGL Launcher Thread     ] DEBUG FXGL                 - Service <<Net>> initialized
11:31:08.646 [FXGL Launcher Thread     ] DEBUG FXGL                 - Service <<Gameplay>> initialized
11:31:08.652 [FXGL Launcher Thread     ] DEBUG FXGLPooler           - Default pool size for objects = 128
11:31:08.652 [FXGL Launcher Thread     ] DEBUG FXGL                 - Service <<Pooler>> initialized
11:31:08.653 [FXGL Launcher Thread     ] DEBUG FXGL                 - Service <<ExceptionHandler>> initialized
11:31:08.653 [FXGL Launcher Thread     ] DEBUG FXGL                 - Service <<UIFactory>> initialized
11:31:08.653 [FXGL Launcher Thread     ] DEBUG FXGL                 - Service <<DialogFactory>> initialized
11:31:08.653 [FXGL Launcher Thread     ] DEBUG FXGL                 - Service <<SceneFactory>> initialized
11:31:08.654 [FXGL Launcher Thread     ] DEBUG FXGL                 - Loading FXGL system data
11:31:08.660 [FXGL Launcher Thread     ] DEBUG IOTask               - Executing task: readDataTask(system/fxgl.bundle)
11:31:08.663 [FXGL Launcher Thread     ] DEBUG FS                   - Reading from: system\fxgl.bundle
11:31:08.674 [FXGL Launcher Thread     ] DEBUG IOTask               - Task succeeded: readDataTask(system/fxgl.bundle)
11:31:08.674 [FXGL Launcher Thread     ] DEBUG Bundle               - Logging bundle: FXGL
11:31:08.674 [FXGL Launcher Thread     ] DEBUG Bundle               - FXGL.offline.timer.version.check=2017-07-07T13:55:42.302
11:31:08.675 [FXGL Launcher Thread     ] DEBUG GameApplication      - FXGL configuration complete
11:31:08.675 [FXGL Launcher Thread     ] INFO  GameApplication      - FXGL configuration took:  0.735 sec
11:31:08.675 [FXGL Launcher Thread     ] DEBUG GameApplication      - Logging game settings
Title: Pacman Level Editor
Version: 1.0
Width: 960
Height: 840
Fullscreen: false
Intro: false
Menus: false
Profiling: false
App Mode: DEVELOPER
Menu Style: FXGL_DEFAULT
Menu Key: ESCAPE
Services: []
11:31:08.686 [FXGL Launcher Thread     ] DEBUG GameApplication      - Configuring GameApplication
11:31:08.687 [FXGL Launcher Thread     ] DEBUG AppStateMachine      - Initializing application states
11:31:08.689 [FXGL Launcher Thread     ] DEBUG FXGLAssetLoader      - Loading from disk: /assets/ui/cursors/fxgl_default.png
11:31:08.693 [FXGL Launcher Thread     ] DEBUG FXGLAssetLoader      - Loading from disk: /assets/ui/cursors/fxgl_default.png
11:31:08.725 [FXGL Launcher Thread     ] DEBUG GameWorld            - Game world initialized
11:31:08.762 [FXGL Launcher Thread     ] DEBUG PhysicsWorld         - Physics world initialized: appHeight=840, physics.ppm=50.0
11:31:08.772 [FXGL Launcher Thread     ] DEBUG FXGLAssetLoader      - Loading from disk: /assets/ui/cursors/fxgl_default.png
11:31:08.788 [FXGL Launcher Thread     ] DEBUG GameScene            - Game scene initialized: 960x840
11:31:08.805 [FXGL Launcher Thread     ] DEBUG Input                - Registered new binding: Pause - Esc
11:31:08.814 [FXGL Launcher Thread     ] INFO  GameApplication      - Game configuration took:  0.127 sec
11:31:08.817 [JavaFX Application Thread] DEBUG FXGLDisplay          - Target size: DoubleProperty [value: 960.0] x DoubleProperty [value: 840.0] @ 1.0
11:31:08.818 [JavaFX Application Thread] DEBUG FXGLDisplay          - New size:    960.0 x 840.0 @ DoubleProperty [value: 1.0]
11:31:08.818 [JavaFX Application Thread] DEBUG FXGLDisplay          - Opening primary stage
11:31:08.849 [JavaFX Application Thread] DEBUG FXGLDisplay          - Stage shown
11:31:08.849 [JavaFX Application Thread] DEBUG FXGLDisplay          - Root size: 960.0x840.0
11:31:08.849 [JavaFX Application Thread] DEBUG FXGLDisplay          - Scene size: 960.0x840.0
11:31:08.849 [JavaFX Application Thread] DEBUG FXGLDisplay          - Stage size: 976.0x879.0
11:31:08.877 [JavaFX Application Thread] DEBUG GameApplication      - Running preInit()
11:31:08.879 [JavaFX Application Thread] DEBUG Input                - Registered new binding: Screenshot - P
11:31:08.879 [JavaFX Application Thread] DEBUG Input                - Registered new binding: Dev Options - CTRL+0
11:31:08.879 [JavaFX Application Thread] DEBUG Input                - Registered new binding: MOUSE CLICK - PRIMARY
11:31:08.927 [JavaFX Application Thread] DEBUG GameApplication      - Starting main loop
11:31:08.929 [JavaFX Application Thread] DEBUG StartupState         - STARTUP
11:31:08.929 [JavaFX Application Thread] DEBUG GameApplication      - Starting new game
11:31:08.929 [JavaFX Application Thread] DEBUG Input                - Clearing active input actions
11:31:08.929 [JavaFX Application Thread] DEBUG AppStateMachine      - StartupState -> LoadingState
11:31:09.020 [JavaFX Application Thread] DEBUG InitAppTask          - @AddCollisionHandler: []
11:31:09.020 [JavaFX Application Thread] DEBUG InitAppTask          - @SetEntityFactory: []
11:31:09.070 [FXGL Background Thread 1 ] DEBUG InitAppTask          - Clearing previous game
11:31:09.070 [FXGL Background Thread 1 ] DEBUG GameWorld            - Resetting game world
11:31:09.072 [FXGL Background Thread 1 ] DEBUG PhysicsWorld         - Resetting physics world
11:31:09.073 [FXGL Background Thread 1 ] DEBUG GameScene            - Resetting game scene
11:31:09.073 [FXGL Background Thread 1 ] DEBUG InitAppTask          - Initializing Assets
11:31:09.074 [FXGL Background Thread 1 ] DEBUG InitAppTask          - Initializing Game
11:31:09.093 [FXGL Background Thread 1 ] DEBUG GameScene            - Creating render group for layer: top(100)
11:31:09.113 [FXGL Background Thread 1 ] DEBUG GameScene            - Creating render group for layer: bottom(1)
11:31:09.138 [FXGL Background Thread 1 ] DEBUG InitAppTask          - Initializing Physics
11:31:09.138 [FXGL Background Thread 1 ] DEBUG InitAppTask          - Initializing UI
11:31:09.145 [JavaFX Application Thread] FATAL FXGLExceptionHandler - Uncaught Exception:
11:31:09.146 [JavaFX Application Thread] FATAL FXGLExceptionHandler - 

Exception occurred: java.lang.IllegalArgumentException : Invalid URL: Invalid URL or resource not found
E: javafx.scene.image.Image.validateUrl(Image.java:1118)
E: javafx.scene.image.Image.<init>(Image.java:620)
E: com.lukelavin.leveleditor.EntityFactory.newPointBoost(EntityFactory.java:181)
E: com.lukelavin.leveleditor.Main.initIcons(Main.java:118)
E: com.lukelavin.leveleditor.Main.initUI(Main.java:97)
E: com.almasb.fxgl.app.LoadingState$InitAppTask.initUI(LoadingState.kt:142)
E: com.almasb.fxgl.app.LoadingState$InitAppTask.call(LoadingState.kt:92)
E: com.almasb.fxgl.app.LoadingState$InitAppTask.call(LoadingState.kt:57)
E: javafx.concurrent.Task$TaskCallable.call(Task.java:1423)
E: java.util.concurrent.FutureTask.run(FutureTask.java:266)
E: java.util.concurrent.Executors$RunnableAdapter.call(Executors.java:511)
E: java.util.concurrent.FutureTask.run(FutureTask.java:266)
E: java.util.concurrent.ThreadPoolExecutor.runWorker(ThreadPoolExecutor.java:1142)
E: java.util.concurrent.ThreadPoolExecutor$Worker.run(ThreadPoolExecutor.java:617)
E: java.lang.Thread.run(Thread.java:745)

11:31:09.146 [JavaFX Application Thread] FATAL FXGLExceptionHandler - Application will now exit
11:31:09.146 [JavaFX Application Thread] DEBUG GameApplication      - Stopping main loop
11:31:10.482 [JavaFX Application Thread] DEBUG GameApplication      - Exiting FXGL application
11:31:10.483 [JavaFX Application Thread] DEBUG FXGL                 - Saving FXGL system data
11:31:10.484 [JavaFX Application Thread] DEBUG IOTask               - Executing task: writeDataTask(system/fxgl.bundle)
11:31:10.486 [JavaFX Application Thread] DEBUG FS                   - Writing to: system\fxgl.bundle
11:31:10.489 [JavaFX Application Thread] DEBUG IOTask               - Task succeeded: writeDataTask(system/fxgl.bundle)
11:31:10.489 [JavaFX Application Thread] DEBUG GameApplication      - Closing FXGL logger and exiting JavaFX
